#
# A fatal error has been detected by the Java Runtime Environment:
#
#  EXCEPTION_ACCESS_VIOLATION (0xc0000005) at pc=0x00000000704bfb60, pid=9360, tid=0x0000000000002b74
#
# JRE version: Java(TM) SE Runtime Environment (8.0_121-b13) (build 1.8.0_121-b13)
# Java VM: Java HotSpot(TM) 64-Bit Server VM (25.121-b13 mixed mode windows-amd64 compressed oops)
# Problematic frame:
# V  [jvm.dll+0xafb60]
#
# Failed to write core dump. Minidumps are not enabled by default on client versions of Windows
#
# If you would like to submit a bug report, please visit:
#   http://bugreport.java.com/bugreport/crash.jsp
#

---------------  T H R E A D  ---------------

Current thread (0x0000000002de8000):  GCTaskThread [stack: 0x0000000012a40000,0x0000000012b40000] [id=11124]

siginfo: ExceptionCode=0xc0000005, reading address 0x0000000100a51f58

Registers:
RAX=0x0000000000000001, RBX=0x00000000d8101320, RCX=0x00000000d8101320, RDX=0x0000000100a51f50
RSP=0x0000000012b3f698, RBP=0x0000000012292301, RSI=0x00000000179b52c0, RDI=0x0000000082257c08
R8 =0x00000000179b52c0, R9 =0x00000000d8101320, R10=0x000000000000000c, R11=0x000000000000000c
R12=0x00000000122922bd, R13=0x000000000000001d, R14=0x0000000000000000, R15=0x0000000002de1570
RIP=0x00000000704bfb60, EFLAGS=0x0000000000010206

Top of Stack: (sp=0x0000000012b3f698)
0x0000000012b3f698:   0000000070810ab2 00000000d8101308
0x0000000012b3f6a8:   00000000179b52c0 00000000179b52c0
0x0000000012b3f6b8:   00000000d81aa2b8 00000000d8490000
0x0000000012b3f6c8:   0000000000001000 00000000823ce8e8
0x0000000012b3f6d8:   0000000000000400 0000000000000000
0x0000000012b3f6e8:   00000000179b5200 00000000122922bd
0x0000000012b3f6f8:   0000000070810e20 00000000d8492b68
0x0000000012b3f708:   0000000012292301 00000000179b52c0
0x0000000012b3f718:   0000000082257c08 00000000d8492b68
0x0000000012b3f728:   00000000708119c5 00000000d81aa2b8
0x0000000012b3f738:   00007ffedb62995f 00000000d725a460
0x0000000012b3f748:   0000000000000004 00000000179b52c0
0x0000000012b3f758:   00000000704fc35a 0000000081fdf8d4
0x0000000012b3f768:   0000000070525187 00000000179b52c0
0x0000000012b3f778:   0000000070523393 0000000082255e79
0x0000000012b3f788:   0000000082255e79 0000000082257b88 

Instructions: (pc=0x00000000704bfb60)
0x00000000704bfb40:   ac b8 1d 00 48 8b 9c 24 d0 00 00 00 48 81 c4 c0
0x00000000704bfb50:   00 00 00 5d c3 cc cc cc cc cc cc cc cc cc cc cc
0x00000000704bfb60:   44 8b 42 08 4c 8b ca 45 85 c0 7e 0e 41 f6 c0 01
0x00000000704bfb70:   75 57 41 c1 f8 03 41 8b c0 c3 79 4d 80 3d ee c7 


Register to memory mapping:

RAX=0x0000000000000001 is an unknown value
RBX=0x00000000d8101320 is an oop

[error occurred during error reporting (printing register info), id 0xc0000005]

Stack: [0x0000000012a40000,0x0000000012b40000],  sp=0x0000000012b3f698,  free space=1021k
Native frames: (J=compiled Java code, j=interpreted, Vv=VM code, C=native code)
V  [jvm.dll+0xafb60]


---------------  P R O C E S S  ---------------

Java Threads: ( => current thread )
  0x000000001a383800 JavaThread "GC Daemon" daemon [_thread_blocked, id=2592, stack(0x00000000200b0000,0x00000000201b0000)]
  0x000000001a380000 JavaThread "RMI RenewClean-[192.168.1.4:58620]" daemon [_thread_blocked, id=3432, stack(0x000000001ffb0000,0x00000000200b0000)]
  0x000000001a37f000 JavaThread "RMI Scheduler(0)" daemon [_thread_blocked, id=3372, stack(0x000000001fc10000,0x000000001fd10000)]
  0x000000001a28c800 JavaThread "Prism Font Disposer" daemon [_thread_blocked, id=10036, stack(0x000000001f070000,0x000000001f170000)]
  0x000000001a049000 JavaThread "Thread-4" [_thread_blocked, id=5620, stack(0x000000001e970000,0x000000001ea70000)]
  0x000000001a04e800 JavaThread "Java2D Disposer" daemon [_thread_blocked, id=2044, stack(0x000000001e670000,0x000000001e770000)]
  0x0000000019d78800 JavaThread "JavaFX-Launcher" [_thread_blocked, id=3512, stack(0x000000001c840000,0x000000001c940000)]
  0x0000000019d6b000 JavaThread "Thread-2" daemon [_thread_blocked, id=10824, stack(0x000000001c740000,0x000000001c840000)]
  0x0000000019d04800 JavaThread "JavaFX Application Thread" [_thread_blocked, id=8820, stack(0x000000001a8a0000,0x000000001a9a0000)]
  0x0000000019747000 JavaThread "Thread-1" daemon [_thread_blocked, id=4732, stack(0x000000001a700000,0x000000001a800000)]
  0x0000000019737000 JavaThread "QuantumRenderer-0" daemon [_thread_blocked, id=2704, stack(0x000000001a500000,0x000000001a600000)]
  0x0000000019388800 JavaThread "Service Thread" daemon [_thread_blocked, id=3360, stack(0x0000000019760000,0x0000000019860000)]
  0x00000000179f4000 JavaThread "C1 CompilerThread2" daemon [_thread_blocked, id=10512, stack(0x0000000019260000,0x0000000019360000)]
  0x00000000179f1000 JavaThread "C2 CompilerThread1" daemon [_thread_blocked, id=12116, stack(0x0000000019160000,0x0000000019260000)]
  0x00000000179ed000 JavaThread "C2 CompilerThread0" daemon [_thread_blocked, id=8756, stack(0x0000000019060000,0x0000000019160000)]
  0x00000000179eb800 JavaThread "Attach Listener" daemon [_thread_blocked, id=2476, stack(0x0000000018f60000,0x0000000019060000)]
  0x00000000179ea800 JavaThread "Signal Dispatcher" daemon [_thread_blocked, id=4536, stack(0x0000000018e60000,0x0000000018f60000)]
  0x0000000002eca800 JavaThread "Finalizer" daemon [_thread_blocked, id=9932, stack(0x0000000018c50000,0x0000000018d50000)]
  0x0000000002ebf800 JavaThread "Reference Handler" daemon [_thread_blocked, id=10264, stack(0x0000000018b50000,0x0000000018c50000)]
  0x0000000002dd1000 JavaThread "main" [_thread_blocked, id=1104, stack(0x0000000002c50000,0x0000000002d50000)]

Other Threads:
  0x00000000179b7800 VMThread [stack: 0x0000000018a50000,0x0000000018b50000] [id=10988]
  0x000000001939d800 WatcherThread [stack: 0x0000000019c00000,0x0000000019d00000] [id=8904]

=>0x0000000002de8000 (exited) GCTaskThread [stack: 0x0000000012a40000,0x0000000012b40000] [id=11124]

VM state:at safepoint (normal execution)

VM Mutex/Monitor currently owned by a thread:  ([mutex/lock_event])
[0x0000000002dccb70] Threads_lock - owner thread: 0x00000000179b7800
[0x0000000002dcc9f0] Heap_lock - owner thread: 0x000000001a049000

Heap:
 PSYoungGen      total 35328K, used 35090K [0x00000000d5f80000, 0x00000000d8a00000, 0x0000000100000000)
  eden space 32256K, 100% used [0x00000000d5f80000,0x00000000d7f00000,0x00000000d7f00000)
  from space 3072K, 92% used [0x00000000d7f80000,0x00000000d8244a90,0x00000000d8280000)
  to   space 5632K, 23% used [0x00000000d8480000,0x00000000d85c8010,0x00000000d8a00000)
 ParOldGen       total 87552K, used 6396K [0x0000000081e00000, 0x0000000087380000, 0x00000000d5f80000)
  object space 87552K, 7% used [0x0000000081e00000,0x000000008243f378,0x0000000087380000)
 Metaspace       used 22345K, capacity 23228K, committed 23296K, reserved 1069056K
  class space    used 3038K, capacity 3267K, committed 3328K, reserved 1048576K

Card table byte_map: [0x0000000012290000,0x0000000012690000] byte_map_base: 0x0000000011e81000

Marking Bits: (ParMarkBitMap*) 0x0000000070c2b6d0
 Begin Bits: [0x0000000012d40000, 0x0000000014cc8000)
 End Bits:   [0x0000000014cc8000, 0x0000000016c50000)

Polling page: 0x0000000002bb0000

CodeCache: size=245760Kb used=10270Kb max_used=10270Kb free=235489Kb
 bounds [0x0000000002ed0000, 0x00000000038e0000, 0x0000000011ed0000]
 total_blobs=3781 nmethods=3038 adapters=654
 compilation: enabled

Compilation events (10 events):
Event: 6.823 Thread 0x00000000179f4000 3034       3       javafx.scene.Scene::doCSSPass (27 bytes)
Event: 6.823 Thread 0x00000000179f4000 nmethod 3034 0x00000000038dc510 code [0x00000000038dc6c0, 0x00000000038dcdd8]
Event: 6.823 Thread 0x00000000179f4000 3035       3       javafx.scene.Scene::doLayoutPass (14 bytes)
Event: 6.824 Thread 0x00000000179f4000 nmethod 3035 0x00000000038dbcd0 code [0x00000000038dbe60, 0x00000000038dc398]
Event: 6.838 Thread 0x00000000179f4000 3036       3       com.sun.javafx.tk.quantum.QuantumToolkit$$Lambda$42/1811091724::run (8 bytes)
Event: 6.838 Thread 0x00000000179f4000 nmethod 3036 0x00000000038de8d0 code [0x00000000038dea40, 0x00000000038ded88]
Event: 6.838 Thread 0x00000000179f4000 3037       3       com.sun.javafx.tk.quantum.QuantumToolkit::lambda$runToolkit$404 (5 bytes)
Event: 6.839 Thread 0x00000000179f4000 nmethod 3037 0x00000000038deed0 code [0x00000000038df040, 0x00000000038df328]
Event: 6.839 Thread 0x00000000179f4000 3038       3       com.sun.javafx.tk.quantum.MasterTimer::recordAnimationEnd (7 bytes)
Event: 6.839 Thread 0x00000000179f4000 nmethod 3038 0x00000000038df410 code [0x00000000038df5c0, 0x00000000038dfb28]

GC Heap History (10 events):
Event: 3.043 GC heap after
Heap after GC invocations=4 (full 1):
 PSYoungGen      total 38400K, used 1705K [0x00000000d5f80000, 0x00000000d8a00000, 0x0000000100000000)
  eden space 33280K, 0% used [0x00000000d5f80000,0x00000000d5f80000,0x00000000d8000000)
  from space 5120K, 33% used [0x00000000d8000000,0x00000000d81aa760,0x00000000d8500000)
  to   space 5120K, 0% used [0x00000000d8500000,0x00000000d8500000,0x00000000d8a00000)
 ParOldGen       total 87552K, used 5349K [0x0000000081e00000, 0x0000000087380000, 0x00000000d5f80000)
  object space 87552K, 6% used [0x0000000081e00000,0x00000000823397e8,0x0000000087380000)
 Metaspace       used 21717K, capacity 22520K, committed 22784K, reserved 1069056K
  class space    used 3013K, capacity 3229K, committed 3328K, reserved 1048576K
}
Event: 4.486 GC heap before
{Heap before GC invocations=5 (full 1):
 PSYoungGen      total 38400K, used 34985K [0x00000000d5f80000, 0x00000000d8a00000, 0x0000000100000000)
  eden space 33280K, 100% used [0x00000000d5f80000,0x00000000d8000000,0x00000000d8000000)
  from space 5120K, 33% used [0x00000000d8000000,0x00000000d81aa760,0x00000000d8500000)
  to   space 5120K, 0% used [0x00000000d8500000,0x00000000d8500000,0x00000000d8a00000)
 ParOldGen       total 87552K, used 5349K [0x0000000081e00000, 0x0000000087380000, 0x00000000d5f80000)
  object space 87552K, 6% used [0x0000000081e00000,0x00000000823397e8,0x0000000087380000)
 Metaspace       used 22015K, capacity 22796K, committed 23040K, reserved 1069056K
  class space    used 3018K, capacity 3231K, committed 3328K, reserved 1048576K
Event: 4.492 GC heap after
Heap after GC invocations=5 (full 1):
 PSYoungGen      total 38400K, used 1762K [0x00000000d5f80000, 0x00000000d8a00000, 0x0000000100000000)
  eden space 33280K, 0% used [0x00000000d5f80000,0x00000000d5f80000,0x00000000d8000000)
  from space 5120K, 34% used [0x00000000d8500000,0x00000000d86b8a90,0x00000000d8a00000)
  to   space 5120K, 0% used [0x00000000d8000000,0x00000000d8000000,0x00000000d8500000)
 ParOldGen       total 87552K, used 5357K [0x0000000081e00000, 0x0000000087380000, 0x00000000d5f80000)
  object space 87552K, 6% used [0x0000000081e00000,0x000000008233b7e8,0x0000000087380000)
 Metaspace       used 22015K, capacity 22796K, committed 23040K, reserved 1069056K
  class space    used 3018K, capacity 3231K, committed 3328K, reserved 1048576K
}
Event: 5.398 GC heap before
{Heap before GC invocations=6 (full 1):
 PSYoungGen      total 38400K, used 35042K [0x00000000d5f80000, 0x00000000d8a00000, 0x0000000100000000)
  eden space 33280K, 100% used [0x00000000d5f80000,0x00000000d8000000,0x00000000d8000000)
  from space 5120K, 34% used [0x00000000d8500000,0x00000000d86b8a90,0x00000000d8a00000)
  to   space 5120K, 0% used [0x00000000d8000000,0x00000000d8000000,0x00000000d8500000)
 ParOldGen       total 87552K, used 5357K [0x0000000081e00000, 0x0000000087380000, 0x00000000d5f80000)
  object space 87552K, 6% used [0x0000000081e00000,0x000000008233b7e8,0x0000000087380000)
 Metaspace       used 22294K, capacity 23158K, committed 23296K, reserved 1069056K
  class space    used 3035K, capacity 3266K, committed 3328K, reserved 1048576K
Event: 5.404 GC heap after
Heap after GC invocations=6 (full 1):
 PSYoungGen      total 38400K, used 2786K [0x00000000d5f80000, 0x00000000d8a00000, 0x0000000100000000)
  eden space 33280K, 0% used [0x00000000d5f80000,0x00000000d5f80000,0x00000000d8000000)
  from space 5120K, 54% used [0x00000000d8000000,0x00000000d82b8aa0,0x00000000d8500000)
  to   space 5120K, 0% used [0x00000000d8500000,0x00000000d8500000,0x00000000d8a00000)
 ParOldGen       total 87552K, used 5365K [0x0000000081e00000, 0x0000000087380000, 0x00000000d5f80000)
  object space 87552K, 6% used [0x0000000081e00000,0x000000008233d7e8,0x0000000087380000)
 Metaspace       used 22294K, capacity 23158K, committed 23296K, reserved 1069056K
  class space    used 3035K, capacity 3266K, committed 3328K, reserved 1048576K
}
Event: 5.981 GC heap before
{Heap before GC invocations=7 (full 1):
 PSYoungGen      total 38400K, used 36066K [0x00000000d5f80000, 0x00000000d8a00000, 0x0000000100000000)
  eden space 33280K, 100% used [0x00000000d5f80000,0x00000000d8000000,0x00000000d8000000)
  from space 5120K, 54% used [0x00000000d8000000,0x00000000d82b8aa0,0x00000000d8500000)
  to   space 5120K, 0% used [0x00000000d8500000,0x00000000d8500000,0x00000000d8a00000)
 ParOldGen       total 87552K, used 5365K [0x0000000081e00000, 0x0000000087380000, 0x00000000d5f80000)
  object space 87552K, 6% used [0x0000000081e00000,0x000000008233d7e8,0x0000000087380000)
 Metaspace       used 22303K, capacity 23158K, committed 23296K, reserved 1069056K
  class space    used 3035K, capacity 3266K, committed 3328K, reserved 1048576K
Event: 5.986 GC heap after
Heap after GC invocations=7 (full 1):
 PSYoungGen      total 37888K, used 2834K [0x00000000d5f80000, 0x00000000d8a80000, 0x0000000100000000)
  eden space 32768K, 0% used [0x00000000d5f80000,0x00000000d5f80000,0x00000000d7f80000)
  from space 5120K, 55% used [0x00000000d8500000,0x00000000d87c4a90,0x00000000d8a00000)
  to   space 5632K, 0% used [0x00000000d7f80000,0x00000000d7f80000,0x00000000d8500000)
 ParOldGen       total 87552K, used 5373K [0x0000000081e00000, 0x0000000087380000, 0x00000000d5f80000)
  object space 87552K, 6% used [0x0000000081e00000,0x000000008233f7e8,0x0000000087380000)
 Metaspace       used 22303K, capacity 23158K, committed 23296K, reserved 1069056K
  class space    used 3035K, capacity 3266K, committed 3328K, reserved 1048576K
}
Event: 6.473 GC heap before
{Heap before GC invocations=8 (full 1):
 PSYoungGen      total 37888K, used 35602K [0x00000000d5f80000, 0x00000000d8a80000, 0x0000000100000000)
  eden space 32768K, 100% used [0x00000000d5f80000,0x00000000d7f80000,0x00000000d7f80000)
  from space 5120K, 55% used [0x00000000d8500000,0x00000000d87c4a90,0x00000000d8a00000)
  to   space 5632K, 0% used [0x00000000d7f80000,0x00000000d7f80000,0x00000000d8500000)
 ParOldGen       total 87552K, used 5373K [0x0000000081e00000, 0x0000000087380000, 0x00000000d5f80000)
  object space 87552K, 6% used [0x0000000081e00000,0x000000008233f7e8,0x0000000087380000)
 Metaspace       used 22332K, capacity 23228K, committed 23296K, reserved 1069056K
  class space    used 3038K, capacity 3267K, committed 3328K, reserved 1048576K
Event: 6.478 GC heap after
Heap after GC invocations=8 (full 1):
 PSYoungGen      total 35328K, used 2834K [0x00000000d5f80000, 0x00000000d8a00000, 0x0000000100000000)
  eden space 32256K, 0% used [0x00000000d5f80000,0x00000000d5f80000,0x00000000d7f00000)
  from space 3072K, 92% used [0x00000000d7f80000,0x00000000d8244a90,0x00000000d8280000)
  to   space 5632K, 0% used [0x00000000d8480000,0x00000000d8480000,0x00000000d8a00000)
 ParOldGen       total 87552K, used 5381K [0x0000000081e00000, 0x0000000087380000, 0x00000000d5f80000)
  object space 87552K, 6% used [0x0000000081e00000,0x00000000823417e8,0x0000000087380000)
 Metaspace       used 22332K, capacity 23228K, committed 23296K, reserved 1069056K
  class space    used 3038K, capacity 3267K, committed 3328K, reserved 1048576K
}
Event: 6.917 GC heap before
{Heap before GC invocations=9 (full 1):
 PSYoungGen      total 35328K, used 35090K [0x00000000d5f80000, 0x00000000d8a00000, 0x0000000100000000)
  eden space 32256K, 100% used [0x00000000d5f80000,0x00000000d7f00000,0x00000000d7f00000)
  from space 3072K, 92% used [0x00000000d7f80000,0x00000000d8244a90,0x00000000d8280000)
  to   space 5632K, 0% used [0x00000000d8480000,0x00000000d8480000,0x00000000d8a00000)
 ParOldGen       total 87552K, used 5381K [0x0000000081e00000, 0x0000000087380000, 0x00000000d5f80000)
  object space 87552K, 6% used [0x0000000081e00000,0x00000000823417e8,0x0000000087380000)
 Metaspace       used 22345K, capacity 23228K, committed 23296K, reserved 1069056K
  class space    used 3038K, capacity 3267K, committed 3328K, reserved 1048576K

Deoptimization events (10 events):
Event: 1.510 Thread 0x0000000019d04800 Uncommon trap: reason=speculate_class_check action=maybe_recompile pc=0x00000000032e85dc method=com.sun.javafx.css.BitSet.containsAll(Ljava/util/Collection;)Z @ 18
Event: 1.512 Thread 0x0000000019d04800 Uncommon trap: reason=class_check action=maybe_recompile pc=0x0000000002ff1ff0 method=java.lang.String.equals(Ljava/lang/Object;)Z @ 8
Event: 2.009 Thread 0x0000000019d04800 Uncommon trap: reason=unstable_if action=reinterpret pc=0x00000000032211e8 method=jdk.internal.org.objectweb.asm.Type.getArgumentsAndReturnSizes(Ljava/lang/String;)I @ 47
Event: 2.151 Thread 0x0000000019737000 Uncommon trap: reason=class_check action=maybe_recompile pc=0x0000000003457e84 method=java.io.BufferedInputStream.read1([BII)I @ 39
Event: 2.151 Thread 0x0000000019737000 Uncommon trap: reason=unstable_if action=reinterpret pc=0x0000000003457334 method=java.io.BufferedInputStream.read1([BII)I @ 60
Event: 2.162 Thread 0x0000000019737000 Uncommon trap: reason=class_check action=maybe_recompile pc=0x00000000034334d4 method=java.io.BufferedInputStream.read1([BII)I @ 39
Event: 2.162 Thread 0x0000000019737000 Uncommon trap: reason=unstable_if action=reinterpret pc=0x00000000034332b0 method=java.io.BufferedInputStream.read1([BII)I @ 60
Event: 4.799 Thread 0x0000000019d04800 Uncommon trap: reason=unstable_if action=reinterpret pc=0x00000000037a57c4 method=javafx.scene.Node.visibleProperty()Ljavafx/beans/property/BooleanProperty; @ 4
Event: 4.962 Thread 0x0000000019737000 Uncommon trap: reason=unstable_if action=reinterpret pc=0x00000000037b8d98 method=com.sun.prism.impl.BaseContext.flushMask()V @ 11
Event: 6.104 Thread 0x0000000019d04800 Uncommon trap: reason=unstable_if action=reinterpret pc=0x00000000037a8cd0 method=javafx.scene.Node.updateBounds()V @ 70

Internal exceptions (10 events):
Event: 0.709 Thread 0x0000000019d04800 Exception <a 'java/lang/ArrayIndexOutOfBoundsException'> (0x00000000d72d4d28) thrown at [C:\re\workspace\8-2-build-windows-amd64-cygwin\jdk8u121\8372\hotspot\src\share\vm\runtime\sharedRuntime.cpp, line 605]
Event: 1.027 Thread 0x0000000019d04800 Exception <a 'java/lang/ArrayIndexOutOfBoundsException'> (0x00000000d7e89f78) thrown at [C:\re\workspace\8-2-build-windows-amd64-cygwin\jdk8u121\8372\hotspot\src\share\vm\runtime\sharedRuntime.cpp, line 605]
Event: 1.095 Thread 0x0000000019d04800 Exception <a 'java/io/FileNotFoundException'> (0x00000000d7fb53a0) thrown at [C:\re\workspace\8-2-build-windows-amd64-cygwin\jdk8u121\8372\hotspot\src\share\vm\prims\jni.cpp, line 709]
Event: 1.200 Thread 0x0000000019d04800 Exception <a 'java/lang/ArrayIndexOutOfBoundsException': 57> (0x00000000d62cc730) thrown at [C:\re\workspace\8-2-build-windows-amd64-cygwin\jdk8u121\8372\hotspot\src\share\vm\interpreter\interpreterRuntime.cpp, line 366]
Event: 1.211 Thread 0x0000000019d04800 Exception <a 'java/io/FileNotFoundException'> (0x00000000d62fa180) thrown at [C:\re\workspace\8-2-build-windows-amd64-cygwin\jdk8u121\8372\hotspot\src\share\vm\prims\jni.cpp, line 709]
Event: 1.272 Thread 0x0000000019d04800 Exception <a 'java/io/FileNotFoundException'> (0x00000000d63931d0) thrown at [C:\re\workspace\8-2-build-windows-amd64-cygwin\jdk8u121\8372\hotspot\src\share\vm\prims\jni.cpp, line 709]
Event: 1.709 Thread 0x000000001a049000 Exception <a 'java/lang/NoSuchMethodError': <clinit>> (0x00000000d6015e48) thrown at [C:\re\workspace\8-2-build-windows-amd64-cygwin\jdk8u121\8372\hotspot\src\share\vm\prims\jni.cpp, line 1613]
Event: 1.714 Thread 0x000000001a049000 Exception <a 'java/lang/NoSuchMethodError': <clinit>> (0x00000000d602c8b8) thrown at [C:\re\workspace\8-2-build-windows-amd64-cygwin\jdk8u121\8372\hotspot\src\share\vm\prims\jni.cpp, line 1613]
Event: 1.717 Thread 0x000000001a380000 Exception <a 'java/lang/InterruptedException'> (0x00000000d60b5f30) thrown at [C:\re\workspace\8-2-build-windows-amd64-cygwin\jdk8u121\8372\hotspot\src\share\vm\runtime\objectMonitor.cpp, line 1684]
Event: 4.799 Thread 0x0000000019d04800 Implicit null exception at 0x00000000037a5710 to 0x00000000037a57ad

Events (10 events):
Event: 6.099 loading class com/sun/javafx/geometry/BoundsUtils
Event: 6.099 loading class com/sun/javafx/geometry/BoundsUtils done
Event: 6.103 Thread 0x0000000019d04800 Uncommon trap: trap_request=0xffffff65 fr.pc=0x00000000037a8cd0
Event: 6.104 Thread 0x0000000019d04800 DEOPT PACKING pc=0x00000000037a8cd0 sp=0x000000001a99dba0
Event: 6.104 Thread 0x0000000019d04800 DEOPT UNPACKING pc=0x0000000002f1582a sp=0x000000001a99db38 mode 2
Event: 6.104 loading class com/sun/prism/shape/ShapeRep$InvalidationType
Event: 6.104 loading class com/sun/prism/shape/ShapeRep$InvalidationType done
Event: 6.473 Executing VM operation: ParallelGCFailedAllocation
Event: 6.478 Executing VM operation: ParallelGCFailedAllocation done
Event: 6.917 Executing VM operation: ParallelGCFailedAllocation


Dynamic libraries:
0x00007ff63af20000 - 0x00007ff63af57000 	C:\Program Files\Java\jdk1.8.0_121\jre\bin\java.exe
0x00007ffedf080000 - 0x00007ffedf25b000 	C:\WINDOWS\SYSTEM32\ntdll.dll
0x00007ffedcb70000 - 0x00007ffedcc1e000 	C:\WINDOWS\System32\KERNEL32.DLL
0x00007ffedb5f0000 - 0x00007ffedb839000 	C:\WINDOWS\System32\KERNELBASE.dll
0x00007ffedec30000 - 0x00007ffedecd1000 	C:\WINDOWS\System32\ADVAPI32.dll
0x00007ffede0d0000 - 0x00007ffede16d000 	C:\WINDOWS\System32\msvcrt.dll
0x00007ffede1d0000 - 0x00007ffede229000 	C:\WINDOWS\System32\sechost.dll
0x00007ffede550000 - 0x00007ffede675000 	C:\WINDOWS\System32\RPCRT4.dll
0x00007ffede8e0000 - 0x00007ffedea2a000 	C:\WINDOWS\System32\USER32.dll
0x00007ffedc410000 - 0x00007ffedc42e000 	C:\WINDOWS\System32\win32u.dll
0x00007ffeded50000 - 0x00007ffeded77000 	C:\WINDOWS\System32\GDI32.dll
0x00007ffedc280000 - 0x00007ffedc407000 	C:\WINDOWS\System32\gdi32full.dll
0x00007ffedc1e0000 - 0x00007ffedc27a000 	C:\WINDOWS\System32\msvcp_win.dll
0x00007ffedc4e0000 - 0x00007ffedc5d6000 	C:\WINDOWS\System32\ucrtbase.dll
0x00007ffed06d0000 - 0x00007ffed0937000 	C:\WINDOWS\WinSxS\amd64_microsoft.windows.common-controls_6595b64144ccf1df_6.0.15063.483_none_26002d27e7c744a2\COMCTL32.dll
0x00007ffeded80000 - 0x00007ffedf079000 	C:\WINDOWS\System32\combase.dll
0x00007ffedc170000 - 0x00007ffedc1da000 	C:\WINDOWS\System32\bcryptPrimitives.dll
0x00007ffedc680000 - 0x00007ffedc6ad000 	C:\WINDOWS\System32\IMM32.DLL
0x0000000070330000 - 0x0000000070402000 	C:\Program Files\Java\jdk1.8.0_121\jre\bin\msvcr100.dll
0x0000000070410000 - 0x0000000070cab000 	C:\Program Files\Java\jdk1.8.0_121\jre\bin\server\jvm.dll
0x00007ffeded40000 - 0x00007ffeded48000 	C:\WINDOWS\System32\PSAPI.DLL
0x00007ffec86c0000 - 0x00007ffec86c9000 	C:\WINDOWS\SYSTEM32\WSOCK32.dll
0x00007ffecfeb0000 - 0x00007ffecfeba000 	C:\WINDOWS\SYSTEM32\VERSION.dll
0x00007ffed8800000 - 0x00007ffed8823000 	C:\WINDOWS\SYSTEM32\WINMM.dll
0x00007ffede060000 - 0x00007ffede0cc000 	C:\WINDOWS\System32\WS2_32.dll
0x00007ffed87d0000 - 0x00007ffed87fb000 	C:\WINDOWS\SYSTEM32\winmmbase.dll
0x00007ffedb5a0000 - 0x00007ffedb5e9000 	C:\WINDOWS\System32\cfgmgr32.dll
0x00000000710b0000 - 0x00000000710bf000 	C:\Program Files\Java\jdk1.8.0_121\jre\bin\verify.dll
0x00000000702c0000 - 0x00000000702e9000 	C:\Program Files\Java\jdk1.8.0_121\jre\bin\java.dll
0x00000000702a0000 - 0x00000000702b6000 	C:\Program Files\Java\jdk1.8.0_121\jre\bin\zip.dll
0x00007ffedcc20000 - 0x00007ffede057000 	C:\WINDOWS\System32\SHELL32.dll
0x00007ffedea30000 - 0x00007ffedeada000 	C:\WINDOWS\System32\shcore.dll
0x00007ffedba70000 - 0x00007ffedc161000 	C:\WINDOWS\System32\windows.storage.dll
0x00007ffede170000 - 0x00007ffede1c1000 	C:\WINDOWS\System32\shlwapi.dll
0x00007ffedb560000 - 0x00007ffedb571000 	C:\WINDOWS\System32\kernel.appcore.dll
0x00007ffedb510000 - 0x00007ffedb55c000 	C:\WINDOWS\System32\powrprof.dll
0x00007ffedb4f0000 - 0x00007ffedb505000 	C:\WINDOWS\System32\profapi.dll
0x00007ffeb52a0000 - 0x00007ffeb538f000 	C:\Program Files\Java\jdk1.8.0_121\jre\bin\msvcr120.dll
0x00007ffeb5b20000 - 0x00007ffeb5bc6000 	C:\Program Files\Java\jdk1.8.0_121\jre\bin\msvcp120.dll
0x000000006f4d0000 - 0x000000006f4f2000 	C:\Program Files\Java\jdk1.8.0_121\jre\bin\prism_d3d.dll
0x00007ffeb3f30000 - 0x00007ffeb40b9000 	C:\WINDOWS\system32\d3d9.dll
0x00007ffed8600000 - 0x00007ffed862a000 	C:\WINDOWS\SYSTEM32\dwmapi.dll
0x00007ffed9d30000 - 0x00007ffed9dc5000 	C:\WINDOWS\system32\uxtheme.dll
0x00007ffea0340000 - 0x00007ffea0f60000 	C:\WINDOWS\SYSTEM32\igdumd64.dll
0x000000006f480000 - 0x000000006f4c3000 	C:\Program Files\Java\jdk1.8.0_121\jre\bin\glass.dll
0x00007ffede230000 - 0x00007ffede338000 	C:\WINDOWS\System32\COMDLG32.dll
0x00007ffedeae0000 - 0x00007ffedec25000 	C:\WINDOWS\System32\ole32.dll
0x00007ffede680000 - 0x00007ffede740000 	C:\WINDOWS\System32\OLEAUT32.dll
0x00007ffede340000 - 0x00007ffede4a6000 	C:\WINDOWS\System32\MSCTF.dll
0x000000006f460000 - 0x000000006f474000 	C:\Program Files\Java\jdk1.8.0_121\jre\bin\javafx_font.dll
0x00007ffed3b70000 - 0x00007ffed3e2f000 	C:\WINDOWS\SYSTEM32\dwrite.dll
0x000000006f5f0000 - 0x000000006f788000 	C:\Program Files\Java\jdk1.8.0_121\jre\bin\awt.dll
0x00007ffed9ba0000 - 0x00007ffed9c1e000 	C:\WINDOWS\SYSTEM32\apphelp.dll
0x00007ffedaf40000 - 0x00007ffedaf57000 	C:\WINDOWS\SYSTEM32\CRYPTSP.dll
0x00007ffeda9c0000 - 0x00007ffeda9f4000 	C:\WINDOWS\system32\rsaenh.dll
0x00007ffedb320000 - 0x00007ffedb345000 	C:\WINDOWS\SYSTEM32\bcrypt.dll
0x00007ffedb3f0000 - 0x00007ffedb419000 	C:\WINDOWS\SYSTEM32\USERENV.dll
0x00007ffedaf60000 - 0x00007ffedaf6b000 	C:\WINDOWS\SYSTEM32\CRYPTBASE.dll
0x000000006f7f0000 - 0x000000006f80a000 	C:\Program Files\Java\jdk1.8.0_121\jre\bin\net.dll
0x00007ffedada0000 - 0x00007ffedadfc000 	C:\WINDOWS\system32\mswsock.dll
0x00007ffedab40000 - 0x00007ffedab77000 	C:\WINDOWS\SYSTEM32\IPHLPAPI.DLL
0x00007ffedc6b0000 - 0x00007ffedc6b8000 	C:\WINDOWS\System32\NSI.dll
0x00007ffed56a0000 - 0x00007ffed56b6000 	C:\WINDOWS\SYSTEM32\dhcpcsvc6.DLL
0x00007ffed5750000 - 0x00007ffed576a000 	C:\WINDOWS\SYSTEM32\dhcpcsvc.DLL
0x00007ffede4b0000 - 0x00007ffede54e000 	C:\WINDOWS\System32\clbcatq.dll
0x00007ffed7270000 - 0x00007ffed741c000 	C:\WINDOWS\SYSTEM32\WindowsCodecs.dll
0x00007ffed15c0000 - 0x00007ffed1607000 	C:\WINDOWS\system32\dataexchange.dll
0x00007ffed96d0000 - 0x00007ffed97f2000 	C:\WINDOWS\system32\dcomp.dll
0x00007ffed8d50000 - 0x00007ffed902f000 	C:\WINDOWS\system32\d3d11.dll
0x00007ffeda440000 - 0x00007ffeda4e4000 	C:\WINDOWS\system32\dxgi.dll
0x00007ffed9fe0000 - 0x00007ffeda150000 	C:\WINDOWS\system32\twinapi.appcore.dll
0x00007ffeca300000 - 0x00007ffeca331000 	C:\Program Files\Common Files\Microsoft Shared\Ink\rtscom.dll
0x00007ffed55a0000 - 0x00007ffed5622000 	C:\WINDOWS\System32\TextInputFramework.dll
0x00007ffed6cf0000 - 0x00007ffed6fc2000 	C:\WINDOWS\System32\CoreUIComponents.dll
0x00007ffed95e0000 - 0x00007ffed96c3000 	C:\WINDOWS\System32\CoreMessaging.dll
0x00007ffeda700000 - 0x00007ffeda731000 	C:\WINDOWS\SYSTEM32\ntmarta.dll
0x00007ffed77d0000 - 0x00007ffed7909000 	C:\WINDOWS\SYSTEM32\wintypes.dll
0x00007ffed8120000 - 0x00007ffed8135000 	C:\WINDOWS\SYSTEM32\usermgrcli.dll
0x000000006f7d0000 - 0x000000006f7e1000 	C:\Program Files\Java\jdk1.8.0_121\jre\bin\nio.dll
0x00007ffecb200000 - 0x00007ffecb216000 	C:\WINDOWS\system32\napinsp.dll
0x00007ffec7980000 - 0x00007ffec799a000 	C:\WINDOWS\system32\pnrpnsp.dll
0x00007ffed8430000 - 0x00007ffed8448000 	C:\WINDOWS\system32\NLAapi.dll
0x00007ffedab80000 - 0x00007ffedac24000 	C:\WINDOWS\SYSTEM32\DNSAPI.dll
0x00007ffed16e0000 - 0x00007ffed16ee000 	C:\WINDOWS\System32\winrnr.dll
0x0000000070f00000 - 0x0000000070f26000 	C:\Program Files\Bonjour\mdnsNSP.dll
0x00007ffecd570000 - 0x00007ffecd57a000 	C:\Windows\System32\rasadhlp.dll
0x00007ffed03f0000 - 0x00007ffed045b000 	C:\WINDOWS\System32\fwpuclnt.dll
0x00007ffed9030000 - 0x00007ffed95d4000 	C:\WINDOWS\SYSTEM32\d2d1.dll
0x00007ffedb840000 - 0x00007ffedba09000 	C:\WINDOWS\System32\CRYPT32.dll
0x00007ffedb580000 - 0x00007ffedb591000 	C:\WINDOWS\System32\MSASN1.dll
0x00007ffebae90000 - 0x00007ffebb165000 	C:\WINDOWS\SYSTEM32\D3D10Warp.dll
0x000000006f440000 - 0x000000006f451000 	C:\Program Files\Java\jdk1.8.0_121\jre\bin\prism_common.dll
0x00007ffecc160000 - 0x00007ffecc309000 	C:\WINDOWS\SYSTEM32\dbghelp.dll

VM Arguments:
jvm_args: -Dfile.encoding=UTF-8 
java_command: F:\Etudes\Projets\JAVA\Gogo\dist\run322923634\Gogo.jar
java_class_path (initial): F:\Etudes\Projets\JAVA\Gogo\dist\run322923634\Gogo.jar
Launcher Type: SUN_STANDARD

Environment Variables:
PATH=C:\ProgramData\Oracle\Java\javapath;C:\WINDOWS\system32;C:\WINDOWS;C:\WINDOWS\System32\Wbem;C:\WINDOWS\System32\WindowsPowerShell\v1.0\;C:\Program Files (x86)\Windows Kits\8.1\Windows Performance Toolkit\;C:\Program Files\Microsoft SQL Server\120\Tools\Binn\;C:\Program Files\nodejs\;C:\Program Files\Microsoft SQL Server\130\Tools\Binn\;C:\xampp\php;C:\Program Files\dotnet\;C:\Users\Fallou\AppData\Local\Microsoft\WindowsApps;C:\Users\Fallou\AppData\Roaming\npm
USERNAME=Fallou
OS=Windows_NT
PROCESSOR_IDENTIFIER=Intel64 Family 6 Model 42 Stepping 7, GenuineIntel



---------------  S Y S T E M  ---------------

OS: Windows 10.0 , 64 bit Build 15063 (10.0.15063.296)

CPU:total 4 (2 cores per cpu, 2 threads per core) family 6 model 42 stepping 7, cmov, cx8, fxsr, mmx, sse, sse2, sse3, ssse3, sse4.1, sse4.2, popcnt, avx, clmul, ht, tsc, tscinvbit

Memory: 4k page, physical 8263960k(2929916k free), swap 9574680k(2819112k free)

vm_info: Java HotSpot(TM) 64-Bit Server VM (25.121-b13) for windows-amd64 JRE (1.8.0_121-b13), built on Dec 12 2016 18:21:36 by "java_re" with MS VC++ 10.0 (VS2010)

time: Wed Jan 03 18:19:21 2018
elapsed time: 7 seconds (0d 0h 0m 7s)

