#
# A fatal error has been detected by the Java Runtime Environment:
#
#  EXCEPTION_ACCESS_VIOLATION (0xc0000005) at pc=0x0000000069b79d37, pid=55640, tid=0x000000000000dcc8
#
# JRE version: Java(TM) SE Runtime Environment (8.0_121-b13) (build 1.8.0_121-b13)
# Java VM: Java HotSpot(TM) 64-Bit Server VM (25.121-b13 mixed mode windows-amd64 compressed oops)
# Problematic frame:
# V  [jvm.dll+0x539d37]
#
# Failed to write core dump. Minidumps are not enabled by default on client versions of Windows
#
# If you would like to submit a bug report, please visit:
#   http://bugreport.java.com/bugreport/crash.jsp
#

---------------  T H R E A D  ---------------

Current thread (0x0000000016ffd000):  JavaThread "C2 CompilerThread0" daemon [_thread_in_native, id=56520, stack(0x0000000018660000,0x0000000018760000)]

siginfo: ExceptionCode=0xc0000005, reading address 0x000000001ff74570

Registers:
RAX=0x0000000080007531, RBX=0x0000000021eb2320, RCX=0x0000000018b3d108, RDX=0x000000001ff74570
RSP=0x000000001875c510, RBP=0x0000000000000000, RSI=0x0000000018a7aac0, RDI=0x0000000000000000
R8 =0x0000000018b3d108, R9 =0x0000000000000000, R10=0x0000000000000000, R11=0x0000000069cb87b8
R12=0x0000000018b3d108, R13=0x0000000000000000, R14=0x0000000080007531, R15=0x0000000018b3d108
RIP=0x0000000069b79d37, EFLAGS=0x0000000000010246

Top of Stack: (sp=0x000000001875c510)
0x000000001875c510:   0000000018b3d108 000000001fe73518
0x000000001875c520:   0000000018a7aac0 0000000069b71174
0x000000001875c530:   0000000000000001 0000000000000004
0x000000001875c540:   0000000018972600 000000001875ca40
0x000000001875c550:   0000000018970060 0000000000000000
0x000000001875c560:   0000000000000001 0000000069b6f3c4
0x000000001875c570:   0000000018b3d108 000000001fe73518
0x000000001875c580:   0000000018a7aac0 0000000000000000
0x000000001875c590:   0000000000000001 0000000069b71782
0x000000001875c5a0:   0000000000000000 0000000000000014
0x000000001875c5b0:   0000000000000014 0000000069a9047c
0x000000001875c5c0:   0000000000000014 0000000000000000
0x000000001875c5d0:   0000000000000000 000000007fffffff
0x000000001875c5e0:   0000000000000000 0000000069b2119f
0x000000001875c5f0:   000000002090fdc8 0000000000000000
0x000000001875c600:   0000000000000000 00000000216d68d8 

Instructions: (pc=0x0000000069b79d37)
0x0000000069b79d17:   ff cb 49 23 de 48 c1 e3 04 48 03 5e 08 39 3b 76
0x0000000069b79d27:   28 33 ed 66 0f 1f 44 00 00 48 8b 53 08 49 8b cc
0x0000000069b79d37:   48 8b 14 2a ff 56 20 85 c0 0f 84 85 00 00 00 ff
0x0000000069b79d47:   c7 48 83 c5 10 3b 3b 72 e0 ff 46 14 8b 46 14 3b 


Register to memory mapping:

RAX=0x0000000080007531 is an unknown value
RBX=0x0000000021eb2320 is an unknown value
RCX=0x0000000018b3d108 is an unknown value
RDX=0x000000001ff74570 is an unknown value
RSP=0x000000001875c510 is pointing into the stack for thread: 0x0000000016ffd000
RBP=0x0000000000000000 is an unknown value
RSI=0x0000000018a7aac0 is an unknown value
RDI=0x0000000000000000 is an unknown value
R8 =0x0000000018b3d108 is an unknown value
R9 =0x0000000000000000 is an unknown value
R10=0x0000000000000000 is an unknown value
R11=0x0000000069cb87b8 is an unknown value
R12=0x0000000018b3d108 is an unknown value
R13=0x0000000000000000 is an unknown value
R14=0x0000000080007531 is an unknown value
R15=0x0000000018b3d108 is an unknown value


Stack: [0x0000000018660000,0x0000000018760000],  sp=0x000000001875c510,  free space=1009k
Native frames: (J=compiled Java code, j=interpreted, Vv=VM code, C=native code)


Current CompileTask:
C2:   5437 2303   !   4       sun.rmi.transport.StreamRemoteCall::releaseInputStream (62 bytes)


---------------  P R O C E S S  ---------------

Java Threads: ( => current thread )
  0x000000001959d800 JavaThread "Prism Font Disposer" daemon [_thread_blocked, id=56416, stack(0x000000001e670000,0x000000001e770000)]
  0x0000000019591800 JavaThread "GC Daemon" daemon [_thread_blocked, id=56792, stack(0x000000001e370000,0x000000001e470000)]
  0x0000000019591000 JavaThread "RMI RenewClean-[127.0.0.1:59948]" daemon [_thread_blocked, id=57408, stack(0x000000001e270000,0x000000001e370000)]
  0x00000000194fe000 JavaThread "RMI Scheduler(0)" daemon [_thread_blocked, id=57920, stack(0x000000001df20000,0x000000001e020000)]
  0x00000000192fb800 JavaThread "Thread-5" [_thread_in_Java, id=57992, stack(0x000000001d850000,0x000000001d950000)]
  0x00000000190e2000 JavaThread "JavaFX-Launcher" [_thread_blocked, id=60288, stack(0x000000001bf20000,0x000000001c020000)]
  0x00000000190fd000 JavaThread "Thread-2" daemon [_thread_in_native, id=55908, stack(0x000000001be20000,0x000000001bf20000)]
  0x0000000018d52800 JavaThread "JavaFX Application Thread" [_thread_in_native, id=60396, stack(0x0000000019f80000,0x000000001a080000)]
  0x0000000018d47800 JavaThread "Thread-1" daemon [_thread_blocked, id=58044, stack(0x0000000019e80000,0x0000000019f80000)]
  0x0000000018d1f000 JavaThread "QuantumRenderer-0" daemon [_thread_blocked, id=57832, stack(0x0000000019870000,0x0000000019970000)]
  0x0000000018986000 JavaThread "Service Thread" daemon [_thread_blocked, id=58012, stack(0x0000000018d60000,0x0000000018e60000)]
  0x0000000017003800 JavaThread "C1 CompilerThread2" daemon [_thread_blocked, id=57036, stack(0x0000000018860000,0x0000000018960000)]
  0x0000000017000800 JavaThread "C2 CompilerThread1" daemon [_thread_in_native, id=58024, stack(0x0000000018760000,0x0000000018860000)]
=>0x0000000016ffd000 JavaThread "C2 CompilerThread0" daemon [_thread_in_native, id=56520, stack(0x0000000018660000,0x0000000018760000)]
  0x0000000016ffc000 JavaThread "Attach Listener" daemon [_thread_blocked, id=55608, stack(0x0000000018560000,0x0000000018660000)]
  0x0000000016ffb000 JavaThread "Signal Dispatcher" daemon [_thread_blocked, id=64504, stack(0x0000000018460000,0x0000000018560000)]
  0x00000000024da000 JavaThread "Finalizer" daemon [_thread_blocked, id=58660, stack(0x0000000018250000,0x0000000018350000)]
  0x00000000024d1000 JavaThread "Reference Handler" daemon [_thread_blocked, id=56832, stack(0x0000000018150000,0x0000000018250000)]
  0x00000000023e1000 JavaThread "main" [_thread_blocked, id=57736, stack(0x00000000022e0000,0x00000000023e0000)]

Other Threads:
  0x0000000016fc6800 VMThread [stack: 0x0000000018050000,0x0000000018150000] [id=55720]
  0x0000000018989000 WatcherThread [stack: 0x0000000018f70000,0x0000000019070000] [id=56392]

VM state:not at safepoint (normal execution)

VM Mutex/Monitor currently owned by a thread: None

Heap:
 PSYoungGen      total 37376K, used 8074K [0x00000000d5f80000, 0x00000000d8b80000, 0x0000000100000000)
  eden space 32256K, 16% used [0x00000000d5f80000,0x00000000d648bb00,0x00000000d7f00000)
  from space 5120K, 56% used [0x00000000d8500000,0x00000000d87d7030,0x00000000d8a00000)
  to   space 6144K, 0% used [0x00000000d7f00000,0x00000000d7f00000,0x00000000d8500000)
 ParOldGen       total 87552K, used 5311K [0x0000000081e00000, 0x0000000087380000, 0x00000000d5f80000)
  object space 87552K, 6% used [0x0000000081e00000,0x000000008232ff58,0x0000000087380000)
 Metaspace       used 19303K, capacity 20090K, committed 20224K, reserved 1067008K
  class space    used 2766K, capacity 2970K, committed 3072K, reserved 1048576K

Card table byte_map: [0x00000000118a0000,0x0000000011ca0000] byte_map_base: 0x0000000011491000

Marking Bits: (ParMarkBitMap*) 0x0000000069e5b6d0
 Begin Bits: [0x0000000012350000, 0x00000000142d8000)
 End Bits:   [0x00000000142d8000, 0x0000000016260000)

Polling page: 0x0000000000b70000

CodeCache: size=245760Kb used=7902Kb max_used=7920Kb free=237857Kb
 bounds [0x00000000024e0000, 0x0000000002cb0000, 0x00000000114e0000]
 total_blobs=2976 nmethods=2312 adapters=575
 compilation: enabled

Compilation events (10 events):
Event: 5.329 Thread 0x0000000017003800 nmethod 2308 0x0000000002c726d0 code [0x0000000002c72820, 0x0000000002c729b0]
Event: 5.337 Thread 0x0000000017000800 2309       4       sun.rmi.transport.DGCClient$EndpointEntry$RefEntry::removeInstanceFromRefSet (63 bytes)
Event: 5.348 Thread 0x0000000017000800 nmethod 2309 0x0000000002c83790 code [0x0000000002c83920, 0x0000000002c83d88]
Event: 5.348 Thread 0x0000000017000800 2310       4       sun.rmi.transport.DGCClient$EndpointEntry$RefEntry::isRefSetEmpty (42 bytes)
Event: 5.349 Thread 0x0000000017000800 nmethod 2310 0x0000000002c83410 code [0x0000000002c83560, 0x0000000002c83618]
Event: 5.349 Thread 0x0000000017000800 2311       4       sun.rmi.server.MarshalInputStream::done (53 bytes)
Event: 5.362 Thread 0x0000000017000800 nmethod 2311 0x0000000002c84b90 code [0x0000000002c84d00, 0x0000000002c850b8]
Event: 5.362 Thread 0x0000000017000800 2312   !   4       sun.rmi.transport.ConnectionInputStream::done (145 bytes)
Event: 5.400 Thread 0x0000000017000800 nmethod 2312 0x0000000002c9fc90 code [0x0000000002c9fee0, 0x0000000002ca1a60]
Event: 5.400 Thread 0x0000000017000800 2313       4       java.rmi.Naming::lookup (30 bytes)

GC Heap History (10 events):
Event: 1.444 GC heap before
{Heap before GC invocations=3 (full 1):
 PSYoungGen      total 38400K, used 5104K [0x00000000d5f80000, 0x00000000d8a00000, 0x0000000100000000)
  eden space 33280K, 0% used [0x00000000d5f80000,0x00000000d5f80000,0x00000000d8000000)
  from space 5120K, 99% used [0x00000000d8500000,0x00000000d89fc108,0x00000000d8a00000)
  to   space 5120K, 0% used [0x00000000d8000000,0x00000000d8000000,0x00000000d8500000)
 ParOldGen       total 87552K, used 426K [0x0000000081e00000, 0x0000000087380000, 0x00000000d5f80000)
  object space 87552K, 0% used [0x0000000081e00000,0x0000000081e6a878,0x0000000087380000)
 Metaspace       used 15999K, capacity 16584K, committed 16768K, reserved 1062912K
  class space    used 2216K, capacity 2387K, committed 2432K, reserved 1048576K
Event: 1.482 GC heap after
Heap after GC invocations=3 (full 1):
 PSYoungGen      total 38400K, used 0K [0x00000000d5f80000, 0x00000000d8a00000, 0x0000000100000000)
  eden space 33280K, 0% used [0x00000000d5f80000,0x00000000d5f80000,0x00000000d8000000)
  from space 5120K, 0% used [0x00000000d8500000,0x00000000d8500000,0x00000000d8a00000)
  to   space 5120K, 0% used [0x00000000d8000000,0x00000000d8000000,0x00000000d8500000)
 ParOldGen       total 87552K, used 5295K [0x0000000081e00000, 0x0000000087380000, 0x00000000d5f80000)
  object space 87552K, 6% used [0x0000000081e00000,0x000000008232bf58,0x0000000087380000)
 Metaspace       used 15999K, capacity 16584K, committed 16768K, reserved 1062912K
  class space    used 2216K, capacity 2387K, committed 2432K, reserved 1048576K
}
Event: 2.688 GC heap before
{Heap before GC invocations=4 (full 1):
 PSYoungGen      total 38400K, used 33280K [0x00000000d5f80000, 0x00000000d8a00000, 0x0000000100000000)
  eden space 33280K, 100% used [0x00000000d5f80000,0x00000000d8000000,0x00000000d8000000)
  from space 5120K, 0% used [0x00000000d8500000,0x00000000d8500000,0x00000000d8a00000)
  to   space 5120K, 0% used [0x00000000d8000000,0x00000000d8000000,0x00000000d8500000)
 ParOldGen       total 87552K, used 5295K [0x0000000081e00000, 0x0000000087380000, 0x00000000d5f80000)
  object space 87552K, 6% used [0x0000000081e00000,0x000000008232bf58,0x0000000087380000)
 Metaspace       used 19196K, capacity 20020K, committed 20224K, reserved 1067008K
  class space    used 2762K, capacity 2969K, committed 3072K, reserved 1048576K
Event: 2.695 GC heap after
Heap after GC invocations=4 (full 1):
 PSYoungGen      total 38400K, used 2806K [0x00000000d5f80000, 0x00000000d8a00000, 0x0000000100000000)
  eden space 33280K, 0% used [0x00000000d5f80000,0x00000000d5f80000,0x00000000d8000000)
  from space 5120K, 54% used [0x00000000d8000000,0x00000000d82bd8b0,0x00000000d8500000)
  to   space 5120K, 0% used [0x00000000d8500000,0x00000000d8500000,0x00000000d8a00000)
 ParOldGen       total 87552K, used 5303K [0x0000000081e00000, 0x0000000087380000, 0x00000000d5f80000)
  object space 87552K, 6% used [0x0000000081e00000,0x000000008232df58,0x0000000087380000)
 Metaspace       used 19196K, capacity 20020K, committed 20224K, reserved 1067008K
  class space    used 2762K, capacity 2969K, committed 3072K, reserved 1048576K
}
Event: 3.870 GC heap before
{Heap before GC invocations=5 (full 1):
 PSYoungGen      total 38400K, used 36086K [0x00000000d5f80000, 0x00000000d8a00000, 0x0000000100000000)
  eden space 33280K, 100% used [0x00000000d5f80000,0x00000000d8000000,0x00000000d8000000)
  from space 5120K, 54% used [0x00000000d8000000,0x00000000d82bd8b0,0x00000000d8500000)
  to   space 5120K, 0% used [0x00000000d8500000,0x00000000d8500000,0x00000000d8a00000)
 ParOldGen       total 87552K, used 5303K [0x0000000081e00000, 0x0000000087380000, 0x00000000d5f80000)
  object space 87552K, 6% used [0x0000000081e00000,0x000000008232df58,0x0000000087380000)
 Metaspace       used 19247K, capacity 20090K, committed 20224K, reserved 1067008K
  class space    used 2765K, capacity 2970K, committed 3072K, reserved 1048576K
Event: 3.874 GC heap after
Heap after GC invocations=5 (full 1):
 PSYoungGen      total 38400K, used 2844K [0x00000000d5f80000, 0x00000000d8a00000, 0x0000000100000000)
  eden space 33280K, 0% used [0x00000000d5f80000,0x00000000d5f80000,0x00000000d8000000)
  from space 5120K, 55% used [0x00000000d8500000,0x00000000d87c7030,0x00000000d8a00000)
  to   space 5120K, 0% used [0x00000000d8000000,0x00000000d8000000,0x00000000d8500000)
 ParOldGen       total 87552K, used 5311K [0x0000000081e00000, 0x0000000087380000, 0x00000000d5f80000)
  object space 87552K, 6% used [0x0000000081e00000,0x000000008232ff58,0x0000000087380000)
 Metaspace       used 19247K, capacity 20090K, committed 20224K, reserved 1067008K
  class space    used 2765K, capacity 2970K, committed 3072K, reserved 1048576K
}
Event: 4.618 GC heap before
{Heap before GC invocations=6 (full 1):
 PSYoungGen      total 38400K, used 36124K [0x00000000d5f80000, 0x00000000d8a00000, 0x0000000100000000)
  eden space 33280K, 100% used [0x00000000d5f80000,0x00000000d8000000,0x00000000d8000000)
  from space 5120K, 55% used [0x00000000d8500000,0x00000000d87c7030,0x00000000d8a00000)
  to   space 5120K, 0% used [0x00000000d8000000,0x00000000d8000000,0x00000000d8500000)
 ParOldGen       total 87552K, used 5311K [0x0000000081e00000, 0x0000000087380000, 0x00000000d5f80000)
  object space 87552K, 6% used [0x0000000081e00000,0x000000008232ff58,0x0000000087380000)
 Metaspace       used 19271K, capacity 20090K, committed 20224K, reserved 1067008K
  class space    used 2766K, capacity 2970K, committed 3072K, reserved 1048576K
Event: 4.623 GC heap after
Heap after GC invocations=6 (full 1):
 PSYoungGen      total 38400K, used 2876K [0x00000000d5f80000, 0x00000000d8a00000, 0x0000000100000000)
  eden space 33280K, 0% used [0x00000000d5f80000,0x00000000d5f80000,0x00000000d8000000)
  from space 5120K, 56% used [0x00000000d8000000,0x00000000d82cf030,0x00000000d8500000)
  to   space 5120K, 0% used [0x00000000d8500000,0x00000000d8500000,0x00000000d8a00000)
 ParOldGen       total 87552K, used 5311K [0x0000000081e00000, 0x0000000087380000, 0x00000000d5f80000)
  object space 87552K, 6% used [0x0000000081e00000,0x000000008232ff58,0x0000000087380000)
 Metaspace       used 19271K, capacity 20090K, committed 20224K, reserved 1067008K
  class space    used 2766K, capacity 2970K, committed 3072K, reserved 1048576K
}
Event: 5.331 GC heap before
{Heap before GC invocations=7 (full 1):
 PSYoungGen      total 38400K, used 36156K [0x00000000d5f80000, 0x00000000d8a00000, 0x0000000100000000)
  eden space 33280K, 100% used [0x00000000d5f80000,0x00000000d8000000,0x00000000d8000000)
  from space 5120K, 56% used [0x00000000d8000000,0x00000000d82cf030,0x00000000d8500000)
  to   space 5120K, 0% used [0x00000000d8500000,0x00000000d8500000,0x00000000d8a00000)
 ParOldGen       total 87552K, used 5311K [0x0000000081e00000, 0x0000000087380000, 0x00000000d5f80000)
  object space 87552K, 6% used [0x0000000081e00000,0x000000008232ff58,0x0000000087380000)
 Metaspace       used 19303K, capacity 20090K, committed 20224K, reserved 1067008K
  class space    used 2766K, capacity 2970K, committed 3072K, reserved 1048576K
Event: 5.337 GC heap after
Heap after GC invocations=7 (full 1):
 PSYoungGen      total 37376K, used 2908K [0x00000000d5f80000, 0x00000000d8b80000, 0x0000000100000000)
  eden space 32256K, 0% used [0x00000000d5f80000,0x00000000d5f80000,0x00000000d7f00000)
  from space 5120K, 56% used [0x00000000d8500000,0x00000000d87d7030,0x00000000d8a00000)
  to   space 6144K, 0% used [0x00000000d7f00000,0x00000000d7f00000,0x00000000d8500000)
 ParOldGen       total 87552K, used 5311K [0x0000000081e00000, 0x0000000087380000, 0x00000000d5f80000)
  object space 87552K, 6% used [0x0000000081e00000,0x000000008232ff58,0x0000000087380000)
 Metaspace       used 19303K, capacity 20090K, committed 20224K, reserved 1067008K
  class space    used 2766K, capacity 2970K, committed 3072K, reserved 1048576K
}

Deoptimization events (10 events):
Event: 1.354 Thread 0x0000000018d52800 Uncommon trap: reason=class_check action=maybe_recompile pc=0x0000000002600eb0 method=java.lang.String.equals(Ljava/lang/Object;)Z @ 8
Event: 1.354 Thread 0x0000000018d52800 Uncommon trap: reason=class_check action=maybe_recompile pc=0x0000000002600eb0 method=java.lang.String.equals(Ljava/lang/Object;)Z @ 8
Event: 1.359 Thread 0x0000000018d52800 Uncommon trap: reason=class_check action=maybe_recompile pc=0x0000000002600eb0 method=java.lang.String.equals(Ljava/lang/Object;)Z @ 8
Event: 1.766 Thread 0x0000000018d52800 Uncommon trap: reason=unstable_if action=reinterpret pc=0x00000000029b2e14 method=java.util.concurrent.ConcurrentHashMap.get(Ljava/lang/Object;)Ljava/lang/Object; @ 138
Event: 1.894 Thread 0x0000000018d52800 Uncommon trap: reason=unstable_if action=reinterpret pc=0x00000000027ac2a8 method=jdk.internal.org.objectweb.asm.Type.getArgumentsAndReturnSizes(Ljava/lang/String;)I @ 47
Event: 1.919 Thread 0x0000000018d1f000 Uncommon trap: reason=class_check action=maybe_recompile pc=0x000000000299d258 method=java.io.BufferedInputStream.read1([BII)I @ 39
Event: 1.929 Thread 0x0000000018d1f000 Uncommon trap: reason=class_check action=maybe_recompile pc=0x000000000299d258 method=java.io.BufferedInputStream.read1([BII)I @ 39
Event: 1.960 Thread 0x0000000018d1f000 Uncommon trap: reason=class_check action=maybe_recompile pc=0x000000000299d258 method=java.io.BufferedInputStream.read1([BII)I @ 39
Event: 1.972 Thread 0x0000000018d1f000 Uncommon trap: reason=class_check action=maybe_recompile pc=0x000000000299d258 method=java.io.BufferedInputStream.read1([BII)I @ 39
Event: 1.973 Thread 0x0000000018d1f000 Uncommon trap: reason=class_check action=maybe_recompile pc=0x0000000002994480 method=java.io.BufferedInputStream.read1([BII)I @ 39

Internal exceptions (10 events):
Event: 0.790 Thread 0x0000000018d52800 Implicit null exception at 0x000000000275fc35 to 0x000000000275fe0d
Event: 0.894 Thread 0x0000000018d52800 Exception <a 'java/io/IOException'> (0x00000000d75c0c68) thrown at [C:\re\workspace\8-2-build-windows-amd64-cygwin\jdk8u121\8372\hotspot\src\share\vm\prims\jni.cpp, line 709]
Event: 0.917 Thread 0x0000000018d52800 Exception <a 'java/lang/ArrayIndexOutOfBoundsException': 58> (0x00000000d7623dc8) thrown at [C:\re\workspace\8-2-build-windows-amd64-cygwin\jdk8u121\8372\hotspot\src\share\vm\interpreter\interpreterRuntime.cpp, line 366]
Event: 0.918 Thread 0x0000000018d52800 Exception <a 'java/lang/ArrayIndexOutOfBoundsException': 18> (0x00000000d7624c50) thrown at [C:\re\workspace\8-2-build-windows-amd64-cygwin\jdk8u121\8372\hotspot\src\share\vm\interpreter\interpreterRuntime.cpp, line 366]
Event: 0.918 Thread 0x0000000018d52800 Exception <a 'java/lang/ArrayIndexOutOfBoundsException': 86> (0x00000000d7625ff8) thrown at [C:\re\workspace\8-2-build-windows-amd64-cygwin\jdk8u121\8372\hotspot\src\share\vm\interpreter\interpreterRuntime.cpp, line 366]
Event: 1.109 Thread 0x0000000018d52800 Exception <a 'java/lang/ArrayIndexOutOfBoundsException'> (0x00000000d7bbd3e8) thrown at [C:\re\workspace\8-2-build-windows-amd64-cygwin\jdk8u121\8372\hotspot\src\share\vm\runtime\sharedRuntime.cpp, line 605]
Event: 1.117 Thread 0x0000000018d52800 Exception <a 'java/lang/ArrayIndexOutOfBoundsException'> (0x00000000d7bf28d0) thrown at [C:\re\workspace\8-2-build-windows-amd64-cygwin\jdk8u121\8372\hotspot\src\share\vm\runtime\sharedRuntime.cpp, line 605]
Event: 1.485 Thread 0x00000000192fb800 Exception <a 'java/lang/NoSuchMethodError': <clinit>> (0x00000000d6010270) thrown at [C:\re\workspace\8-2-build-windows-amd64-cygwin\jdk8u121\8372\hotspot\src\share\vm\prims\jni.cpp, line 1613]
Event: 1.488 Thread 0x00000000192fb800 Exception <a 'java/lang/NoSuchMethodError': <clinit>> (0x00000000d6026ce0) thrown at [C:\re\workspace\8-2-build-windows-amd64-cygwin\jdk8u121\8372\hotspot\src\share\vm\prims\jni.cpp, line 1613]
Event: 1.490 Thread 0x0000000019591000 Exception <a 'java/lang/InterruptedException'> (0x00000000d605f6d8) thrown at [C:\re\workspace\8-2-build-windows-amd64-cygwin\jdk8u121\8372\hotspot\src\share\vm\runtime\objectMonitor.cpp, line 1684]

Events (10 events):
Event: 3.870 Executing VM operation: ParallelGCFailedAllocation
Event: 3.874 Executing VM operation: ParallelGCFailedAllocation done
Event: 4.112 Executing VM operation: EnableBiasedLocking
Event: 4.112 Executing VM operation: EnableBiasedLocking done
Event: 4.263 loading class java/util/ArrayList$1
Event: 4.263 loading class java/util/ArrayList$1 done
Event: 4.618 Executing VM operation: ParallelGCFailedAllocation
Event: 4.623 Executing VM operation: ParallelGCFailedAllocation done
Event: 5.331 Executing VM operation: ParallelGCFailedAllocation
Event: 5.337 Executing VM operation: ParallelGCFailedAllocation done


Dynamic libraries:
0x00007ff79c120000 - 0x00007ff79c157000 	C:\Program Files\Java\jdk1.8.0_121\jre\bin\java.exe
0x00007ff8803e0000 - 0x00007ff8805a2000 	C:\WINDOWS\SYSTEM32\ntdll.dll
0x00007ff87e8f0000 - 0x00007ff87e99d000 	C:\WINDOWS\system32\KERNEL32.DLL
0x00007ff87cf00000 - 0x00007ff87d0dd000 	C:\WINDOWS\system32\KERNELBASE.dll
0x00007ff87e770000 - 0x00007ff87e816000 	C:\WINDOWS\system32\ADVAPI32.dll
0x00007ff87e300000 - 0x00007ff87e39d000 	C:\WINDOWS\system32\msvcrt.dll
0x00007ff87ecc0000 - 0x00007ff87ed1b000 	C:\WINDOWS\system32\sechost.dll
0x00007ff87e0f0000 - 0x00007ff87e216000 	C:\WINDOWS\system32\RPCRT4.dll
0x00007ff880250000 - 0x00007ff88039e000 	C:\WINDOWS\system32\USER32.dll
0x00007ff87df60000 - 0x00007ff87e0e3000 	C:\WINDOWS\system32\GDI32.dll
0x00007ff877ca0000 - 0x00007ff877f14000 	C:\WINDOWS\WinSxS\amd64_microsoft.windows.common-controls_6595b64144ccf1df_6.0.10240.17184_none_f41d7a705752bce6\COMCTL32.dll
0x00007ff8803a0000 - 0x00007ff8803d6000 	C:\WINDOWS\system32\IMM32.DLL
0x00007ff87ddf0000 - 0x00007ff87df4c000 	C:\WINDOWS\system32\MSCTF.dll
0x000000006aa80000 - 0x000000006ab52000 	C:\Program Files\Java\jdk1.8.0_121\jre\bin\msvcr100.dll
0x0000000069640000 - 0x0000000069edb000 	C:\Program Files\Java\jdk1.8.0_121\jre\bin\server\jvm.dll
0x00007ff87df50000 - 0x00007ff87df58000 	C:\WINDOWS\system32\PSAPI.DLL
0x00007ff87ade0000 - 0x00007ff87ae03000 	C:\WINDOWS\SYSTEM32\WINMM.dll
0x00007ff8782e0000 - 0x00007ff8782ea000 	C:\WINDOWS\SYSTEM32\VERSION.dll
0x00007ff86f410000 - 0x00007ff86f419000 	C:\WINDOWS\SYSTEM32\WSOCK32.dll
0x00007ff87dd20000 - 0x00007ff87dd89000 	C:\WINDOWS\system32\WS2_32.dll
0x00007ff87e220000 - 0x00007ff87e228000 	C:\WINDOWS\system32\NSI.dll
0x00007ff87adb0000 - 0x00007ff87addc000 	C:\WINDOWS\SYSTEM32\WINMMBASE.dll
0x00007ff87d1a0000 - 0x00007ff87d1e4000 	C:\WINDOWS\system32\cfgmgr32.dll
0x00007ff87b780000 - 0x00007ff87b7a7000 	C:\WINDOWS\SYSTEM32\DEVOBJ.dll
0x0000000069630000 - 0x000000006963f000 	C:\Program Files\Java\jdk1.8.0_121\jre\bin\verify.dll
0x0000000069600000 - 0x0000000069629000 	C:\Program Files\Java\jdk1.8.0_121\jre\bin\java.dll
0x00000000695e0000 - 0x00000000695f6000 	C:\Program Files\Java\jdk1.8.0_121\jre\bin\zip.dll
0x00007ff87ed20000 - 0x00007ff880243000 	C:\WINDOWS\system32\SHELL32.dll
0x00007ff87d470000 - 0x00007ff87da99000 	C:\WINDOWS\system32\windows.storage.dll
0x00007ff87daa0000 - 0x00007ff87dd1c000 	C:\WINDOWS\system32\combase.dll
0x00007ff87e3a0000 - 0x00007ff87e3f1000 	C:\WINDOWS\system32\shlwapi.dll
0x00007ff87ce00000 - 0x00007ff87ce0f000 	C:\WINDOWS\system32\kernel.appcore.dll
0x00007ff87d0e0000 - 0x00007ff87d193000 	C:\WINDOWS\system32\shcore.dll
0x00007ff87ce50000 - 0x00007ff87ce9a000 	C:\WINDOWS\system32\powrprof.dll
0x00007ff87ce30000 - 0x00007ff87ce43000 	C:\WINDOWS\system32\profapi.dll
0x00007ff866bd0000 - 0x00007ff866cbf000 	C:\Program Files\Java\jdk1.8.0_121\jre\bin\msvcr120.dll
0x00007ff8656c0000 - 0x00007ff865766000 	C:\Program Files\Java\jdk1.8.0_121\jre\bin\msvcp120.dll
0x000000006a9e0000 - 0x000000006aa02000 	C:\Program Files\Java\jdk1.8.0_121\jre\bin\prism_d3d.dll
0x00007ff859a20000 - 0x00007ff859c30000 	C:\WINDOWS\system32\d3d9.dll
0x00007ff87aa90000 - 0x00007ff87aab2000 	C:\WINDOWS\SYSTEM32\dwmapi.dll
0x00007ff87b6e0000 - 0x00007ff87b776000 	C:\WINDOWS\system32\uxtheme.dll
0x00007ff84fe10000 - 0x00007ff850a30000 	C:\WINDOWS\SYSTEM32\igdumd64.dll
0x000000006a990000 - 0x000000006a9d3000 	C:\Program Files\Java\jdk1.8.0_121\jre\bin\glass.dll
0x00007ff87e680000 - 0x00007ff87e757000 	C:\WINDOWS\system32\COMDLG32.dll
0x00007ff87e9a0000 - 0x00007ff87eae1000 	C:\WINDOWS\system32\ole32.dll
0x00007ff87e820000 - 0x00007ff87e8e2000 	C:\WINDOWS\system32\OLEAUT32.dll
0x00007ff87cc20000 - 0x00007ff87cc8b000 	C:\WINDOWS\SYSTEM32\bcryptPrimitives.dll
0x000000006a970000 - 0x000000006a984000 	C:\Program Files\Java\jdk1.8.0_121\jre\bin\javafx_font.dll
0x00007ff8739d0000 - 0x00007ff873c27000 	C:\WINDOWS\SYSTEM32\dwrite.dll
0x00000000690f0000 - 0x0000000069113000 	C:\Program Files\Java\jdk1.8.0_121\jre\bin\javafx_iio.dll
0x00007ff87c6d0000 - 0x00007ff87c6e7000 	C:\WINDOWS\SYSTEM32\CRYPTSP.dll
0x00007ff87cd30000 - 0x00007ff87cd58000 	C:\WINDOWS\SYSTEM32\bcrypt.dll
0x00007ff87c310000 - 0x00007ff87c343000 	C:\WINDOWS\system32\rsaenh.dll
0x00007ff87c400000 - 0x00007ff87c41f000 	C:\WINDOWS\SYSTEM32\USERENV.dll
0x00007ff87c840000 - 0x00007ff87c84b000 	C:\WINDOWS\SYSTEM32\CRYPTBASE.dll
0x00000000695c0000 - 0x00000000695da000 	C:\Program Files\Java\jdk1.8.0_121\jre\bin\net.dll
0x00007ff87c670000 - 0x00007ff87c6cd000 	C:\WINDOWS\system32\mswsock.dll
0x00007ff87a140000 - 0x00007ff87a178000 	C:\WINDOWS\SYSTEM32\IPHLPAPI.DLL
0x00007ff879340000 - 0x00007ff87934b000 	C:\WINDOWS\SYSTEM32\WINNSI.DLL
0x00007ff877830000 - 0x00007ff877846000 	C:\WINDOWS\SYSTEM32\dhcpcsvc6.DLL
0x00007ff877810000 - 0x00007ff87782a000 	C:\WINDOWS\SYSTEM32\dhcpcsvc.DLL
0x00007ff87e5b0000 - 0x00007ff87e655000 	C:\WINDOWS\system32\clbcatq.dll
0x00007ff877f80000 - 0x00007ff878132000 	C:\WINDOWS\SYSTEM32\WindowsCodecs.dll
0x00007ff86f500000 - 0x00007ff86f546000 	C:\WINDOWS\system32\dataexchange.dll
0x00007ff87a7e0000 - 0x00007ff87aa83000 	C:\WINDOWS\system32\d3d11.dll
0x00007ff87b1f0000 - 0x00007ff87b2c1000 	C:\WINDOWS\system32\dcomp.dll
0x00007ff87a740000 - 0x00007ff87a7dc000 	C:\WINDOWS\system32\dxgi.dll
0x00007ff8744a0000 - 0x00007ff8749e5000 	C:\WINDOWS\system32\d2d1.dll
0x00007ff87b7d0000 - 0x00007ff87b8be000 	C:\WINDOWS\system32\twinapi.appcore.dll
0x00007ff86fb80000 - 0x00007ff86fbb4000 	C:\Program Files\Common Files\Microsoft Shared\Ink\rtscom.dll
0x00000000695a0000 - 0x00000000695b1000 	C:\Program Files\Java\jdk1.8.0_121\jre\bin\nio.dll
0x00007ff871a70000 - 0x00007ff871a85000 	C:\WINDOWS\system32\napinsp.dll
0x00007ff864af0000 - 0x00007ff864b0a000 	C:\WINDOWS\system32\pnrpnsp.dll
0x00007ff87a1d0000 - 0x00007ff87a1e8000 	C:\WINDOWS\system32\NLAapi.dll
0x00007ff87c420000 - 0x00007ff87c4c8000 	C:\WINDOWS\SYSTEM32\DNSAPI.dll
0x00007ff871a60000 - 0x00007ff871a6d000 	C:\WINDOWS\System32\winrnr.dll
0x00007ff864ad0000 - 0x00007ff864ae5000 	C:\WINDOWS\system32\wshbth.dll
0x00007ff873270000 - 0x00007ff87327a000 	C:\Windows\System32\rasadhlp.dll
0x00007ff8778c0000 - 0x00007ff877928000 	C:\WINDOWS\System32\fwpuclnt.dll
0x00000000690d0000 - 0x00000000690e1000 	C:\Program Files\Java\jdk1.8.0_121\jre\bin\prism_common.dll
0x00007ff8640a0000 - 0x00007ff86422a000 	C:\WINDOWS\SYSTEM32\dbghelp.dll

VM Arguments:
jvm_args: -Dfile.encoding=UTF-8 
java_command: F:\Etudes\Projets\JAVA\Gogo\dist\run999896152\Gogo.jar
java_class_path (initial): F:\Etudes\Projets\JAVA\Gogo\dist\run999896152\Gogo.jar
Launcher Type: SUN_STANDARD

Environment Variables:
PATH=C:\ProgramData\Oracle\Java\javapath;C:\WINDOWS\system32;C:\WINDOWS;C:\WINDOWS\System32\Wbem;C:\WINDOWS\System32\WindowsPowerShell\v1.0\;C:\WINDOWS\system32\config\systemprofile\.dnx\bin;C:\Program Files\Microsoft DNX\Dnvm\;C:\Program Files (x86)\Windows Kits\8.1\Windows Performance Toolkit\;C:\Program Files\Microsoft SQL Server\120\Tools\Binn\
USERNAME=Fallou
OS=Windows_NT
PROCESSOR_IDENTIFIER=Intel64 Family 6 Model 42 Stepping 7, GenuineIntel



---------------  S Y S T E M  ---------------

OS: Windows 10.0 , 64 bit Build 10240 (10.0.10240.17113)

CPU:total 4 (2 cores per cpu, 2 threads per core) family 6 model 42 stepping 7, cmov, cx8, fxsr, mmx, sse, sse2, sse3, ssse3, sse4.1, sse4.2, popcnt, avx, clmul, ht, tsc, tscinvbit

Memory: 4k page, physical 8263956k(2157044k free), swap 10492180k(2717880k free)

vm_info: Java HotSpot(TM) 64-Bit Server VM (25.121-b13) for windows-amd64 JRE (1.8.0_121-b13), built on Dec 12 2016 18:21:36 by "java_re" with MS VC++ 10.0 (VS2010)

time: Wed Jul 12 18:13:34 2017
elapsed time: 5 seconds (0d 0h 0m 5s)

