#
# A fatal error has been detected by the Java Runtime Environment:
#
#  EXCEPTION_ACCESS_VIOLATION (0xc0000005) at pc=0x0000000062d641b0, pid=8784, tid=0x000000000000080c
#
# JRE version: Java(TM) SE Runtime Environment (8.0_121-b13) (build 1.8.0_121-b13)
# Java VM: Java HotSpot(TM) 64-Bit Server VM (25.121-b13 mixed mode windows-amd64 compressed oops)
# Problematic frame:
# V  [jvm.dll+0x5141b0]
#
# Failed to write core dump. Minidumps are not enabled by default on client versions of Windows
#
# If you would like to submit a bug report, please visit:
#   http://bugreport.java.com/bugreport/crash.jsp
#

---------------  T H R E A D  ---------------

Current thread (0x00000000177bc800):  JavaThread "C2 CompilerThread0" daemon [_thread_in_native, id=2060, stack(0x0000000018e30000,0x0000000018f30000)]

siginfo: ExceptionCode=0xc0000005, reading address 0x0000000021650358

Registers:
RAX=0x0000000022c271e0, RBX=0x0000000000000025, RCX=0x000000000000001d, RDX=0x000000000000326f
RSP=0x0000000018f2bf00, RBP=0x0000000018f2c000, RSI=0x000000000000001d, RDI=0x000000001e78d0a0
R8 =0x000000000000326f, R9 =0x0000000022c272b0, R10=0x0000000022c272b8, R11=0x0000000000000000
R12=0x000000001e78d0b0, R13=0x000000000000000f, R14=0x0000000018f2c5f0, R15=0x0000000021650330
RIP=0x0000000062d641b0, EFLAGS=0x0000000000010287

Top of Stack: (sp=0x0000000018f2bf00)
0x0000000018f2bf00:   0000000063030078 000000000000001c
0x0000000018f2bf10:   000000000000001c 000000000000000e
0x0000000018f2bf20:   000000000000326f 00000000000030bc
0x0000000018f2bf30:   0000000022bb5e00 0000000018f2c100
0x0000000018f2bf40:   0000000018f2c1a0 000000000000000a
0x0000000018f2bf50:   000000000000001d 000000001e78d0a0
0x0000000018f2bf60:   0000000000000002 0000000000000002
0x0000000018f2bf70:   0000000000000000 000000020000000f
0x0000000018f2bf80:   00002b5000000000 0000000018f2c2d0
0x0000000018f2bf90:   000000000000000f 0000000022bc1ba0
0x0000000018f2bfa0:   0000000000000002 00002b500000000f
0x0000000018f2bfb0:   0000000018f2c2d0 000000000000000f
0x0000000018f2bfc0:   0000000022bb6e40 00000000000015fb
0x0000000018f2bfd0:   00000000274ae700 0000000019abf660
0x0000000018f2bfe0:   ffffffffdd476100 00000000000003d8
0x0000000018f2bff0:   0000000019abfa38 0000000019abf650 

Instructions: (pc=0x0000000062d641b0)
0x0000000062d64190:   00 00 41 3b 74 24 08 73 0d 49 8b 44 24 10 8b ce
0x0000000062d641a0:   4c 8b 3c c8 eb 03 4d 8b fe 4c 8b b5 80 02 00 00
0x0000000062d641b0:   49 63 4f 28 45 8b 4f 18 49 8b 86 28 01 00 00 4c
0x0000000062d641c0:   89 7d 18 44 89 4d a0 44 8b 04 88 41 0f b6 47 2c 


Register to memory mapping:

RAX=0x0000000022c271e0 is an unknown value
RBX=0x0000000000000025 is an unknown value
RCX=0x000000000000001d is an unknown value
RDX=0x000000000000326f is an unknown value
RSP=0x0000000018f2bf00 is pointing into the stack for thread: 0x00000000177bc800
RBP=0x0000000018f2c000 is pointing into the stack for thread: 0x00000000177bc800
RSI=0x000000000000001d is an unknown value
RDI=0x000000001e78d0a0 is an unknown value
R8 =0x000000000000326f is an unknown value
R9 =0x0000000022c272b0 is an unknown value
R10=0x0000000022c272b8 is an unknown value
R11=0x0000000000000000 is an unknown value
R12=0x000000001e78d0b0 is an unknown value
R13=0x000000000000000f is an unknown value
R14=0x0000000018f2c5f0 is pointing into the stack for thread: 0x00000000177bc800
R15=0x0000000021650330 is an unknown value


Stack: [0x0000000018e30000,0x0000000018f30000],  sp=0x0000000018f2bf00,  free space=1007k
Native frames: (J=compiled Java code, j=interpreted, Vv=VM code, C=native code)
V  [jvm.dll+0x5141b0]
V  [jvm.dll+0x468ae2]
V  [jvm.dll+0x473f5b]
V  [jvm.dll+0x476867]
V  [jvm.dll+0x4591e2]
V  [jvm.dll+0xa5ca2]
V  [jvm.dll+0xa65df]
V  [jvm.dll+0x244e1f]
V  [jvm.dll+0x29c69a]
C  [msvcr100.dll+0x21d9f]
C  [msvcr100.dll+0x21e3b]
C  [KERNEL32.DLL+0x13034]
C  [ntdll.dll+0x71551]


Current CompileTask:
C2:  41584 5235   !   4       com.sun.javafx.css.StyleManager::findMatchingStyles (1260 bytes)


---------------  P R O C E S S  ---------------

Java Threads: ( => current thread )
  0x0000000019e34800 JavaThread "GC Daemon" daemon [_thread_blocked, id=11664, stack(0x0000000020a50000,0x0000000020b50000)]
  0x0000000019e66800 JavaThread "RMI RenewClean-[127.0.0.1:59830]" daemon [_thread_blocked, id=2800, stack(0x0000000020950000,0x0000000020a50000)]
  0x0000000019e65800 JavaThread "RMI Scheduler(0)" daemon [_thread_blocked, id=10664, stack(0x0000000020850000,0x0000000020950000)]
  0x000000001e59a000 JavaThread "Prism Font Disposer" daemon [_thread_blocked, id=11848, stack(0x000000001fa40000,0x000000001fb40000)]
  0x0000000019c06800 JavaThread "Java2D Disposer" daemon [_thread_blocked, id=10144, stack(0x000000001e170000,0x000000001e270000)]
  0x0000000019943000 JavaThread "JavaFX-Launcher" [_thread_blocked, id=9712, stack(0x000000001c750000,0x000000001c850000)]
  0x000000001991b800 JavaThread "Thread-2" daemon [_thread_in_native, id=11820, stack(0x000000001c650000,0x000000001c750000)]
  0x00000000198be800 JavaThread "JavaFX Application Thread" [_thread_in_native, id=10668, stack(0x000000001a470000,0x000000001a570000)]
  0x00000000198ac800 JavaThread "Thread-1" daemon [_thread_blocked, id=9684, stack(0x000000001a370000,0x000000001a470000)]
  0x0000000019522000 JavaThread "QuantumRenderer-0" daemon [_thread_blocked, id=6640, stack(0x000000001a0a0000,0x000000001a1a0000)]
  0x0000000019150800 JavaThread "Service Thread" daemon [_thread_blocked, id=8484, stack(0x0000000019530000,0x0000000019630000)]
  0x00000000177c3000 JavaThread "C1 CompilerThread2" daemon [_thread_blocked, id=10808, stack(0x0000000019030000,0x0000000019130000)]
  0x00000000177c0000 JavaThread "C2 CompilerThread1" daemon [_thread_in_native, id=12240, stack(0x0000000018f30000,0x0000000019030000)]
=>0x00000000177bc800 JavaThread "C2 CompilerThread0" daemon [_thread_in_native, id=2060, stack(0x0000000018e30000,0x0000000018f30000)]
  0x00000000177bb000 JavaThread "Attach Listener" daemon [_thread_blocked, id=8572, stack(0x0000000018d30000,0x0000000018e30000)]
  0x00000000177b9800 JavaThread "Signal Dispatcher" daemon [_thread_blocked, id=10540, stack(0x0000000018c30000,0x0000000018d30000)]
  0x0000000002c9a000 JavaThread "Finalizer" daemon [_thread_blocked, id=9980, stack(0x0000000018a10000,0x0000000018b10000)]
  0x0000000002c91000 JavaThread "Reference Handler" daemon [_thread_blocked, id=7200, stack(0x0000000018910000,0x0000000018a10000)]
  0x0000000002b9e000 JavaThread "main" [_thread_blocked, id=8008, stack(0x00000000029f0000,0x0000000002af0000)]

Other Threads:
  0x0000000017787000 VMThread [stack: 0x0000000018810000,0x0000000018910000] [id=8092]
  0x000000001915b000 WatcherThread [stack: 0x00000000197a0000,0x00000000198a0000] [id=4208]

VM state:not at safepoint (normal execution)

VM Mutex/Monitor currently owned by a thread: None

Heap:
 PSYoungGen      total 26624K, used 25263K [0x00000000d5f80000, 0x00000000d8380000, 0x0000000100000000)
  eden space 22528K, 94% used [0x00000000d5f80000,0x00000000d7432088,0x00000000d7580000)
  from space 4096K, 99% used [0x00000000d7580000,0x00000000d7979e10,0x00000000d7980000)
  to   space 7168K, 0% used [0x00000000d7c80000,0x00000000d7c80000,0x00000000d8380000)
 ParOldGen       total 87552K, used 17042K [0x0000000081e00000, 0x0000000087380000, 0x00000000d5f80000)
  object space 87552K, 19% used [0x0000000081e00000,0x0000000082ea4a68,0x0000000087380000)
 Metaspace       used 27983K, capacity 29618K, committed 29952K, reserved 1075200K
  class space    used 3684K, capacity 3973K, committed 4096K, reserved 1048576K

Card table byte_map: [0x0000000012060000,0x0000000012460000] byte_map_base: 0x0000000011c51000

Marking Bits: (ParMarkBitMap*) 0x000000006306b6d0
 Begin Bits: [0x0000000012b10000, 0x0000000014a98000)
 End Bits:   [0x0000000014a98000, 0x0000000016a20000)

Polling page: 0x0000000000f50000

CodeCache: size=245760Kb used=16870Kb max_used=16881Kb free=228889Kb
 bounds [0x0000000002ca0000, 0x0000000003d40000, 0x0000000011ca0000]
 total_blobs=5714 nmethods=4917 adapters=707
 compilation: enabled

Compilation events (10 events):
Event: 41.263 Thread 0x00000000177c3000 5417       3       com.sun.scenario.animation.shared.SingleLoopClipEnvelope::wasSynched (20 bytes)
Event: 41.263 Thread 0x00000000177c3000 nmethod 5417 0x0000000003d269d0 code [0x0000000003d26b40, 0x0000000003d26df0]
Event: 41.279 Thread 0x00000000177c0000 5418       4       java.util.concurrent.locks.ReentrantLock$Sync::isHeldExclusively (16 bytes)
Event: 41.279 Thread 0x00000000177c0000 nmethod 5418 0x000000000329f050 code [0x000000000329f180, 0x000000000329f1f8]
Event: 41.295 Thread 0x00000000177c3000 5419       3       javafx.animation.Animation::getDelay (24 bytes)
Event: 41.295 Thread 0x00000000177c3000 nmethod 5419 0x0000000003d2ee10 code [0x0000000003d2ef80, 0x0000000003d2f2e8]
Event: 41.391 Thread 0x00000000177c0000 5420       4       javafx.animation.AnimationAccessorImpl::playTo (8 bytes)
Event: 41.391 Thread 0x00000000177c3000 5421       3       com.sun.scenario.animation.SplineInterpolator::getInitialGuessForT (83 bytes)
Event: 41.391 Thread 0x00000000177c3000 nmethod 5421 0x0000000003d2e790 code [0x0000000003d2e940, 0x0000000003d2ec90]
Event: 41.392 Thread 0x00000000177c0000 nmethod 5420 0x0000000003d265d0 code [0x0000000003d26720, 0x0000000003d26808]

GC Heap History (10 events):
Event: 29.387 GC heap before
{Heap before GC invocations=32 (full 1):
 PSYoungGen      total 27136K, used 24608K [0x00000000d5f80000, 0x00000000d7d00000, 0x0000000100000000)
  eden space 24064K, 100% used [0x00000000d5f80000,0x00000000d7700000,0x00000000d7700000)
  from space 3072K, 17% used [0x00000000d7a00000,0x00000000d7a88000,0x00000000d7d00000)
  to   space 3072K, 0% used [0x00000000d7700000,0x00000000d7700000,0x00000000d7a00000)
 ParOldGen       total 87552K, used 8505K [0x0000000081e00000, 0x0000000087380000, 0x00000000d5f80000)
  object space 87552K, 9% used [0x0000000081e00000,0x000000008264e660,0x0000000087380000)
 Metaspace       used 22492K, capacity 23326K, committed 23552K, reserved 1069056K
  class space    used 3053K, capacity 3298K, committed 3328K, reserved 1048576K
Event: 29.391 GC heap after
Heap after GC invocations=32 (full 1):
 PSYoungGen      total 27136K, used 576K [0x00000000d5f80000, 0x00000000d7d00000, 0x0000000100000000)
  eden space 24064K, 0% used [0x00000000d5f80000,0x00000000d5f80000,0x00000000d7700000)
  from space 3072K, 18% used [0x00000000d7700000,0x00000000d7790000,0x00000000d7a00000)
  to   space 3072K, 0% used [0x00000000d7a00000,0x00000000d7a00000,0x00000000d7d00000)
 ParOldGen       total 87552K, used 8505K [0x0000000081e00000, 0x0000000087380000, 0x00000000d5f80000)
  object space 87552K, 9% used [0x0000000081e00000,0x000000008264e660,0x0000000087380000)
 Metaspace       used 22492K, capacity 23326K, committed 23552K, reserved 1069056K
  class space    used 3053K, capacity 3298K, committed 3328K, reserved 1048576K
}
Event: 30.397 GC heap before
{Heap before GC invocations=33 (full 1):
 PSYoungGen      total 27136K, used 24640K [0x00000000d5f80000, 0x00000000d7d00000, 0x0000000100000000)
  eden space 24064K, 100% used [0x00000000d5f80000,0x00000000d7700000,0x00000000d7700000)
  from space 3072K, 18% used [0x00000000d7700000,0x00000000d7790000,0x00000000d7a00000)
  to   space 3072K, 0% used [0x00000000d7a00000,0x00000000d7a00000,0x00000000d7d00000)
 ParOldGen       total 87552K, used 8505K [0x0000000081e00000, 0x0000000087380000, 0x00000000d5f80000)
  object space 87552K, 9% used [0x0000000081e00000,0x000000008264e660,0x0000000087380000)
 Metaspace       used 22492K, capacity 23326K, committed 23552K, reserved 1069056K
  class space    used 3053K, capacity 3298K, committed 3328K, reserved 1048576K
Event: 30.399 GC heap after
Heap after GC invocations=33 (full 1):
 PSYoungGen      total 26112K, used 608K [0x00000000d5f80000, 0x00000000d7c00000, 0x0000000100000000)
  eden space 24064K, 0% used [0x00000000d5f80000,0x00000000d5f80000,0x00000000d7700000)
  from space 2048K, 29% used [0x00000000d7a00000,0x00000000d7a98000,0x00000000d7c00000)
  to   space 2560K, 0% used [0x00000000d7700000,0x00000000d7700000,0x00000000d7980000)
 ParOldGen       total 87552K, used 8505K [0x0000000081e00000, 0x0000000087380000, 0x00000000d5f80000)
  object space 87552K, 9% used [0x0000000081e00000,0x000000008264e660,0x0000000087380000)
 Metaspace       used 22492K, capacity 23326K, committed 23552K, reserved 1069056K
  class space    used 3053K, capacity 3298K, committed 3328K, reserved 1048576K
}
Event: 31.160 GC heap before
{Heap before GC invocations=34 (full 1):
 PSYoungGen      total 26112K, used 24672K [0x00000000d5f80000, 0x00000000d7c00000, 0x0000000100000000)
  eden space 24064K, 100% used [0x00000000d5f80000,0x00000000d7700000,0x00000000d7700000)
  from space 2048K, 29% used [0x00000000d7a00000,0x00000000d7a98000,0x00000000d7c00000)
  to   space 2560K, 0% used [0x00000000d7700000,0x00000000d7700000,0x00000000d7980000)
 ParOldGen       total 87552K, used 8505K [0x0000000081e00000, 0x0000000087380000, 0x00000000d5f80000)
  object space 87552K, 9% used [0x0000000081e00000,0x000000008264e660,0x0000000087380000)
 Metaspace       used 23749K, capacity 24696K, committed 24960K, reserved 1071104K
  class space    used 3160K, capacity 3389K, committed 3456K, reserved 1048576K
Event: 31.162 GC heap after
Heap after GC invocations=34 (full 1):
 PSYoungGen      total 26624K, used 1280K [0x00000000d5f80000, 0x00000000d7c00000, 0x0000000100000000)
  eden space 24064K, 0% used [0x00000000d5f80000,0x00000000d5f80000,0x00000000d7700000)
  from space 2560K, 50% used [0x00000000d7700000,0x00000000d78402f0,0x00000000d7980000)
  to   space 2560K, 0% used [0x00000000d7980000,0x00000000d7980000,0x00000000d7c00000)
 ParOldGen       total 87552K, used 8505K [0x0000000081e00000, 0x0000000087380000, 0x00000000d5f80000)
  object space 87552K, 9% used [0x0000000081e00000,0x000000008264e660,0x0000000087380000)
 Metaspace       used 23749K, capacity 24696K, committed 24960K, reserved 1071104K
  class space    used 3160K, capacity 3389K, committed 3456K, reserved 1048576K
}
Event: 32.084 GC heap before
{Heap before GC invocations=35 (full 1):
 PSYoungGen      total 26624K, used 25344K [0x00000000d5f80000, 0x00000000d7c00000, 0x0000000100000000)
  eden space 24064K, 100% used [0x00000000d5f80000,0x00000000d7700000,0x00000000d7700000)
  from space 2560K, 50% used [0x00000000d7700000,0x00000000d78402f0,0x00000000d7980000)
  to   space 2560K, 0% used [0x00000000d7980000,0x00000000d7980000,0x00000000d7c00000)
 ParOldGen       total 87552K, used 8505K [0x0000000081e00000, 0x0000000087380000, 0x00000000d5f80000)
  object space 87552K, 9% used [0x0000000081e00000,0x000000008264e660,0x0000000087380000)
 Metaspace       used 26575K, capacity 28104K, committed 28288K, reserved 1073152K
  class space    used 3615K, capacity 3899K, committed 3968K, reserved 1048576K
Event: 32.093 GC heap after
Heap after GC invocations=35 (full 1):
 PSYoungGen      total 25088K, used 2535K [0x00000000d5f80000, 0x00000000d7f00000, 0x0000000100000000)
  eden space 22528K, 0% used [0x00000000d5f80000,0x00000000d5f80000,0x00000000d7580000)
  from space 2560K, 99% used [0x00000000d7980000,0x00000000d7bf9f80,0x00000000d7c00000)
  to   space 4096K, 0% used [0x00000000d7580000,0x00000000d7580000,0x00000000d7980000)
 ParOldGen       total 87552K, used 10483K [0x0000000081e00000, 0x0000000087380000, 0x00000000d5f80000)
  object space 87552K, 11% used [0x0000000081e00000,0x000000008283ccf8,0x0000000087380000)
 Metaspace       used 26575K, capacity 28104K, committed 28288K, reserved 1073152K
  class space    used 3615K, capacity 3899K, committed 3968K, reserved 1048576K
}
Event: 38.090 GC heap before
{Heap before GC invocations=36 (full 1):
 PSYoungGen      total 25088K, used 25063K [0x00000000d5f80000, 0x00000000d7f00000, 0x0000000100000000)
  eden space 22528K, 100% used [0x00000000d5f80000,0x00000000d7580000,0x00000000d7580000)
  from space 2560K, 99% used [0x00000000d7980000,0x00000000d7bf9f80,0x00000000d7c00000)
  to   space 4096K, 0% used [0x00000000d7580000,0x00000000d7580000,0x00000000d7980000)
 ParOldGen       total 87552K, used 10483K [0x0000000081e00000, 0x0000000087380000, 0x00000000d5f80000)
  object space 87552K, 11% used [0x0000000081e00000,0x000000008283ccf8,0x0000000087380000)
 Metaspace       used 27485K, capacity 28996K, committed 29056K, reserved 1075200K
  class space    used 3670K, capacity 3952K, committed 3968K, reserved 1048576K
Event: 38.101 GC heap after
Heap after GC invocations=36 (full 1):
 PSYoungGen      total 26624K, used 4071K [0x00000000d5f80000, 0x00000000d8380000, 0x0000000100000000)
  eden space 22528K, 0% used [0x00000000d5f80000,0x00000000d5f80000,0x00000000d7580000)
  from space 4096K, 99% used [0x00000000d7580000,0x00000000d7979e10,0x00000000d7980000)
  to   space 7168K, 0% used [0x00000000d7c80000,0x00000000d7c80000,0x00000000d8380000)
 ParOldGen       total 87552K, used 17042K [0x0000000081e00000, 0x0000000087380000, 0x00000000d5f80000)
  object space 87552K, 19% used [0x0000000081e00000,0x0000000082ea4a68,0x0000000087380000)
 Metaspace       used 27485K, capacity 28996K, committed 29056K, reserved 1075200K
  class space    used 3670K, capacity 3952K, committed 3968K, reserved 1048576K
}

Deoptimization events (10 events):
Event: 37.874 Thread 0x00000000198be800 Uncommon trap: reason=class_check action=maybe_recompile pc=0x0000000003550c34 method=sun.rmi.registry.RegistryImpl_Stub.lookup(Ljava/lang/String;)Ljava/rmi/Remote; @ 72
Event: 37.875 Thread 0x00000000198be800 Uncommon trap: reason=class_check action=maybe_recompile pc=0x00000000034cdf84 method=java.util.WeakHashMap.eq(Ljava/lang/Object;Ljava/lang/Object;)Z @ 7
Event: 37.936 Thread 0x00000000198be800 Uncommon trap: reason=unstable_if action=reinterpret pc=0x0000000003a5fbe4 method=com.sun.javafx.image.impl.ByteBgra$ToByteBgraPreConv.doConvert([BII[BIIII)V @ 75
Event: 37.939 Thread 0x00000000198be800 Uncommon trap: reason=unstable_if action=reinterpret pc=0x0000000003a6cfc4 method=com.sun.javafx.image.impl.BaseByteToByteConverter$FourByteReorderer.doConvert([BII[BIIII)V @ 31
Event: 38.102 Thread 0x0000000019e66800 Uncommon trap: reason=unstable_if action=reinterpret pc=0x00000000038931f0 method=java.util.HashMap.removeNode(ILjava/lang/Object;Ljava/lang/Object;ZZ)Ljava/util/HashMap$Node; @ 7
Event: 38.191 Thread 0x0000000019522000 Uncommon trap: reason=class_check action=maybe_recompile pc=0x0000000002e1a414 method=com.sun.javafx.sg.prism.NGNode.doRender(Lcom/sun/prism/Graphics;)V @ 319
Event: 39.276 Thread 0x0000000019522000 Uncommon trap: reason=class_check action=maybe_recompile pc=0x0000000002e1a414 method=com.sun.javafx.sg.prism.NGNode.doRender(Lcom/sun/prism/Graphics;)V @ 319
Event: 39.296 Thread 0x0000000019522000 Uncommon trap: reason=class_check action=maybe_recompile pc=0x0000000002e1a414 method=com.sun.javafx.sg.prism.NGNode.doRender(Lcom/sun/prism/Graphics;)V @ 319
Event: 39.312 Thread 0x0000000019522000 Uncommon trap: reason=class_check action=maybe_recompile pc=0x0000000002e1a414 method=com.sun.javafx.sg.prism.NGNode.doRender(Lcom/sun/prism/Graphics;)V @ 319
Event: 40.814 Thread 0x00000000198be800 Uncommon trap: reason=class_check action=maybe_recompile pc=0x0000000003550c34 method=sun.rmi.registry.RegistryImpl_Stub.lookup(Ljava/lang/String;)Ljava/rmi/Remote; @ 72

Internal exceptions (10 events):
Event: 31.375 Thread 0x00000000198be800 Implicit null exception at 0x0000000003707043 to 0x00000000037076cd
Event: 31.503 Thread 0x00000000198be800 Exception <a 'java/io/IOException'> (0x00000000d6a21880) thrown at [C:\re\workspace\8-2-build-windows-amd64-cygwin\jdk8u121\8372\hotspot\src\share\vm\prims\jni.cpp, line 709]
Event: 32.095 Thread 0x0000000019e66800 Implicit null exception at 0x0000000003898a40 to 0x0000000003898fc9
Event: 32.157 Thread 0x00000000198be800 Implicit null exception at 0x00000000037f89c7 to 0x00000000037f8a25
Event: 32.339 Thread 0x00000000198be800 JVM_StopThread thread JavaThread 0x0000000019d4d800 as oop 0x0000000081f43918 [exception 0x000000001a56bba0]
Event: 37.813 Thread 0x00000000198be800 Exception <a 'java/io/IOException'> (0x00000000d6d03880) thrown at [C:\re\workspace\8-2-build-windows-amd64-cygwin\jdk8u121\8372\hotspot\src\share\vm\prims\jni.cpp, line 709]
Event: 37.934 Thread 0x00000000198be800 Exception <a 'java/io/IOException'> (0x00000000d7070a70) thrown at [C:\re\workspace\8-2-build-windows-amd64-cygwin\jdk8u121\8372\hotspot\src\share\vm\prims\jni.cpp, line 709]
Event: 38.102 Thread 0x0000000019e66800 Implicit null exception at 0x0000000003892b6a to 0x00000000038931c5
Event: 40.799 Thread 0x00000000198be800 Exception <a 'java/io/IOException'> (0x00000000d694f670) thrown at [C:\re\workspace\8-2-build-windows-amd64-cygwin\jdk8u121\8372\hotspot\src\share\vm\prims\jni.cpp, line 709]
Event: 40.855 Thread 0x00000000198be800 Exception <a 'java/io/IOException'> (0x00000000d6c00c28) thrown at [C:\re\workspace\8-2-build-windows-amd64-cygwin\jdk8u121\8372\hotspot\src\share\vm\prims\jni.cpp, line 709]

Events (10 events):
Event: 40.852 loading class javafx/scene/input/MouseEvent
Event: 40.852 loading class javafx/scene/input/MouseEvent done
Event: 40.852 loading class controllers/AccueilSecretaireVaccination
Event: 40.852 loading class controllers/AccueilSecretaireVaccination done
Event: 40.856 loading class controllers/AccueilSecretaireVaccination$1
Event: 40.856 loading class controllers/AccueilSecretaireVaccination$1 done
Event: 40.948 loading class com/sun/javafx/binding/ExpressionHelper$1
Event: 40.948 loading class com/sun/javafx/binding/ExpressionHelper$1 done
Event: 41.054 Executing VM operation: RevokeBias
Event: 41.055 Executing VM operation: RevokeBias done


Dynamic libraries:
0x00007ff75f680000 - 0x00007ff75f6b7000 	C:\Program Files\Java\jdk1.8.0_121\jre\bin\java.exe
0x00007ffcc6840000 - 0x00007ffcc6a21000 	C:\WINDOWS\SYSTEM32\ntdll.dll
0x00007ffcc52e0000 - 0x00007ffcc5392000 	C:\WINDOWS\System32\KERNEL32.DLL
0x00007ffcc2d10000 - 0x00007ffcc2f83000 	C:\WINDOWS\System32\KERNELBASE.dll
0x00007ffcc64e0000 - 0x00007ffcc6581000 	C:\WINDOWS\System32\ADVAPI32.dll
0x00007ffcc5110000 - 0x00007ffcc51ae000 	C:\WINDOWS\System32\msvcrt.dll
0x00007ffcc59d0000 - 0x00007ffcc5a2b000 	C:\WINDOWS\System32\sechost.dll
0x00007ffcc5aa0000 - 0x00007ffcc5bc4000 	C:\WINDOWS\System32\RPCRT4.dll
0x00007ffcc5840000 - 0x00007ffcc59d0000 	C:\WINDOWS\System32\USER32.dll
0x00007ffcc3130000 - 0x00007ffcc3150000 	C:\WINDOWS\System32\win32u.dll
0x00007ffcc50e0000 - 0x00007ffcc5108000 	C:\WINDOWS\System32\GDI32.dll
0x00007ffcc2f90000 - 0x00007ffcc3122000 	C:\WINDOWS\System32\gdi32full.dll
0x00007ffcc3150000 - 0x00007ffcc31ef000 	C:\WINDOWS\System32\msvcp_win.dll
0x00007ffcc3ba0000 - 0x00007ffcc3c9a000 	C:\WINDOWS\System32\ucrtbase.dll
0x00007ffcb8e60000 - 0x00007ffcb90c9000 	C:\WINDOWS\WinSxS\amd64_microsoft.windows.common-controls_6595b64144ccf1df_6.0.17134.81_none_b4b229fe3cb4cfa3\COMCTL32.dll
0x00007ffcc61b0000 - 0x00007ffcc64d3000 	C:\WINDOWS\System32\combase.dll
0x00007ffcc2be0000 - 0x00007ffcc2c5a000 	C:\WINDOWS\System32\bcryptPrimitives.dll
0x00007ffcc52b0000 - 0x00007ffcc52dd000 	C:\WINDOWS\System32\IMM32.DLL
0x0000000062770000 - 0x0000000062842000 	C:\Program Files\Java\jdk1.8.0_121\jre\bin\msvcr100.dll
0x0000000062850000 - 0x00000000630eb000 	C:\Program Files\Java\jdk1.8.0_121\jre\bin\server\jvm.dll
0x00007ffcc5a30000 - 0x00007ffcc5a38000 	C:\WINDOWS\System32\PSAPI.DLL
0x00007ffcb8860000 - 0x00007ffcb8869000 	C:\WINDOWS\SYSTEM32\WSOCK32.dll
0x00007ffcc5c30000 - 0x00007ffcc5c9c000 	C:\WINDOWS\System32\WS2_32.dll
0x00007ffcbd490000 - 0x00007ffcbd4b3000 	C:\WINDOWS\SYSTEM32\WINMM.dll
0x00007ffcb82d0000 - 0x00007ffcb82da000 	C:\WINDOWS\SYSTEM32\VERSION.dll
0x00007ffcbd2f0000 - 0x00007ffcbd31a000 	C:\WINDOWS\SYSTEM32\WINMMBASE.dll
0x00007ffcc3b50000 - 0x00007ffcc3b99000 	C:\WINDOWS\System32\cfgmgr32.dll
0x0000000062720000 - 0x000000006272f000 	C:\Program Files\Java\jdk1.8.0_121\jre\bin\verify.dll
0x00000000626f0000 - 0x0000000062719000 	C:\Program Files\Java\jdk1.8.0_121\jre\bin\java.dll
0x00000000626d0000 - 0x00000000626e6000 	C:\Program Files\Java\jdk1.8.0_121\jre\bin\zip.dll
0x00007ffcc3ca0000 - 0x00007ffcc50e0000 	C:\WINDOWS\System32\SHELL32.dll
0x00007ffcc5ca0000 - 0x00007ffcc5d49000 	C:\WINDOWS\System32\shcore.dll
0x00007ffcc3250000 - 0x00007ffcc395d000 	C:\WINDOWS\System32\windows.storage.dll
0x00007ffcc5bd0000 - 0x00007ffcc5c21000 	C:\WINDOWS\System32\shlwapi.dll
0x00007ffcc2bc0000 - 0x00007ffcc2bd1000 	C:\WINDOWS\System32\kernel.appcore.dll
0x00007ffcc2b30000 - 0x00007ffcc2b4f000 	C:\WINDOWS\System32\profapi.dll
0x00007ffcc2b70000 - 0x00007ffcc2bbc000 	C:\WINDOWS\System32\powrprof.dll
0x00007ffcc2b20000 - 0x00007ffcc2b2a000 	C:\WINDOWS\System32\FLTLIB.DLL
0x00007ffc9bbd0000 - 0x00007ffc9bcbf000 	C:\Program Files\Java\jdk1.8.0_121\jre\bin\msvcr120.dll
0x00007ffca9ba0000 - 0x00007ffca9c46000 	C:\Program Files\Java\jdk1.8.0_121\jre\bin\msvcp120.dll
0x00000000623e0000 - 0x0000000062402000 	C:\Program Files\Java\jdk1.8.0_121\jre\bin\prism_d3d.dll
0x00007ffc86b20000 - 0x00007ffc86cb7000 	C:\WINDOWS\system32\d3d9.dll
0x00007ffcc0fe0000 - 0x00007ffcc1009000 	C:\WINDOWS\SYSTEM32\dwmapi.dll
0x00007ffcc0d80000 - 0x00007ffcc0e18000 	C:\WINDOWS\system32\uxtheme.dll
0x00007ffc7a120000 - 0x00007ffc7ad40000 	C:\WINDOWS\SYSTEM32\igdumd64.dll
0x0000000062390000 - 0x00000000623d3000 	C:\Program Files\Java\jdk1.8.0_121\jre\bin\glass.dll
0x00007ffcc66f0000 - 0x00007ffcc67dd000 	C:\WINDOWS\System32\COMDLG32.dll
0x00007ffcc6590000 - 0x00007ffcc66e1000 	C:\WINDOWS\System32\ole32.dll
0x00007ffcc5550000 - 0x00007ffcc5612000 	C:\WINDOWS\System32\OLEAUT32.dll
0x00007ffcc53b0000 - 0x00007ffcc5525000 	C:\WINDOWS\System32\MSCTF.dll
0x0000000062370000 - 0x0000000062384000 	C:\Program Files\Java\jdk1.8.0_121\jre\bin\javafx_font.dll
0x00007ffcaec80000 - 0x00007ffcaef9c000 	C:\WINDOWS\SYSTEM32\dwrite.dll
0x00000000624f0000 - 0x0000000062688000 	C:\Program Files\Java\jdk1.8.0_121\jre\bin\awt.dll
0x00007ffcc0bd0000 - 0x00007ffcc0c5b000 	C:\WINDOWS\SYSTEM32\apphelp.dll
0x00007ffcc2550000 - 0x00007ffcc2567000 	C:\WINDOWS\SYSTEM32\CRYPTSP.dll
0x00007ffcc1f20000 - 0x00007ffcc1f53000 	C:\WINDOWS\system32\rsaenh.dll
0x00007ffcc2680000 - 0x00007ffcc26a5000 	C:\WINDOWS\SYSTEM32\bcrypt.dll
0x00007ffcc2a50000 - 0x00007ffcc2a78000 	C:\WINDOWS\SYSTEM32\USERENV.dll
0x00007ffcc2570000 - 0x00007ffcc257b000 	C:\WINDOWS\SYSTEM32\CRYPTBASE.dll
0x00000000626b0000 - 0x00000000626ca000 	C:\Program Files\Java\jdk1.8.0_121\jre\bin\net.dll
0x00007ffcc23a0000 - 0x00007ffcc2406000 	C:\WINDOWS\system32\mswsock.dll
0x00007ffcc2120000 - 0x00007ffcc2158000 	C:\WINDOWS\SYSTEM32\IPHLPAPI.DLL
0x00007ffcc53a0000 - 0x00007ffcc53a8000 	C:\WINDOWS\System32\NSI.dll
0x00007ffcba700000 - 0x00007ffcba716000 	C:\WINDOWS\SYSTEM32\dhcpcsvc6.DLL
0x00007ffcba6e0000 - 0x00007ffcba6fa000 	C:\WINDOWS\SYSTEM32\dhcpcsvc.DLL
0x00007ffcc51b0000 - 0x00007ffcc5250000 	C:\WINDOWS\System32\clbcatq.dll
0x00007ffcbcdc0000 - 0x00007ffcbcf6e000 	C:\WINDOWS\SYSTEM32\WindowsCodecs.dll
0x00007ffcad230000 - 0x00007ffcad288000 	C:\WINDOWS\system32\dataexchange.dll
0x00007ffcbfdb0000 - 0x00007ffcc00bb000 	C:\WINDOWS\system32\d3d11.dll
0x00007ffcc04f0000 - 0x00007ffcc068c000 	C:\WINDOWS\system32\dcomp.dll
0x00007ffcc18e0000 - 0x00007ffcc199b000 	C:\WINDOWS\system32\dxgi.dll
0x00007ffcc1040000 - 0x00007ffcc11f8000 	C:\WINDOWS\system32\twinapi.appcore.dll
0x00007ffcc1010000 - 0x00007ffcc1031000 	C:\WINDOWS\system32\RMCLIENT.dll
0x00007ffcaa570000 - 0x00007ffcaa5a4000 	C:\Program Files\Common Files\Microsoft Shared\Ink\rtscom.dll
0x0000000062690000 - 0x00000000626a1000 	C:\Program Files\Java\jdk1.8.0_121\jre\bin\nio.dll
0x00007ffcbe020000 - 0x00007ffcbe036000 	C:\WINDOWS\system32\napinsp.dll
0x00007ffcb9680000 - 0x00007ffcb969a000 	C:\WINDOWS\system32\pnrpnsp.dll
0x00007ffcbf680000 - 0x00007ffcbf699000 	C:\WINDOWS\system32\NLAapi.dll
0x00007ffcc2160000 - 0x00007ffcc221e000 	C:\WINDOWS\SYSTEM32\DNSAPI.dll
0x00007ffcbe300000 - 0x00007ffcbe30e000 	C:\WINDOWS\System32\winrnr.dll
0x00007ffcba560000 - 0x00007ffcba56a000 	C:\Windows\System32\rasadhlp.dll
0x00007ffcba780000 - 0x00007ffcba7f2000 	C:\WINDOWS\System32\fwpuclnt.dll
0x0000000062350000 - 0x0000000062361000 	C:\Program Files\Java\jdk1.8.0_121\jre\bin\prism_common.dll
0x00007ffcb3a80000 - 0x00007ffcb3b18000 	C:\WINDOWS\System32\TextInputFramework.dll
0x00007ffcc09d0000 - 0x00007ffcc0aaa000 	C:\WINDOWS\System32\CoreMessaging.dll
0x00007ffcbc6d0000 - 0x00007ffcbc9ee000 	C:\WINDOWS\System32\CoreUIComponents.dll
0x00007ffcc1c10000 - 0x00007ffcc1c41000 	C:\WINDOWS\SYSTEM32\ntmarta.dll
0x00007ffcbee10000 - 0x00007ffcbef5d000 	C:\WINDOWS\SYSTEM32\wintypes.dll
0x00007ffcb5940000 - 0x00007ffcb5b09000 	C:\WINDOWS\SYSTEM32\dbghelp.dll

VM Arguments:
jvm_args: -Dfile.encoding=UTF-8 
java_command: F:\Etudes\Projets\JAVA\Gogo\dist\run621839589\Gogo.jar
java_class_path (initial): F:\Etudes\Projets\JAVA\Gogo\dist\run621839589\Gogo.jar
Launcher Type: SUN_STANDARD

Environment Variables:
PATH=C:\Program Files (x86)\Common Files\Oracle\Java\javapath;C:\ProgramData\Oracle\Java\javapath;C:\WINDOWS\system32;C:\WINDOWS;C:\WINDOWS\System32\Wbem;C:\WINDOWS\System32\WindowsPowerShell\v1.0\;C:\Program Files (x86)\Windows Kits\8.1\Windows Performance Toolkit\;C:\Program Files\Microsoft SQL Server\120\Tools\Binn\;C:\Program Files\nodejs\;C:\Program Files\Microsoft SQL Server\130\Tools\Binn\;C:\xampp\php;C:\Program Files\dotnet\;C:\WINDOWS\System32\OpenSSH\;C:\Users\Fallou\AppData\Local\Microsoft\WindowsApps;C:\Users\Fallou\AppData\Roaming\npm;
USERNAME=Fallou
OS=Windows_NT
PROCESSOR_IDENTIFIER=Intel64 Family 6 Model 42 Stepping 7, GenuineIntel



---------------  S Y S T E M  ---------------

OS: Windows 10.0 , 64 bit Build 17134 (10.0.17134.1)

CPU:total 4 (2 cores per cpu, 2 threads per core) family 6 model 42 stepping 7, cmov, cx8, fxsr, mmx, sse, sse2, sse3, ssse3, sse4.1, sse4.2, popcnt, avx, clmul, ht, tsc, tscinvbit

Memory: 4k page, physical 8263960k(4148116k free), swap 9574680k(4349388k free)

vm_info: Java HotSpot(TM) 64-Bit Server VM (25.121-b13) for windows-amd64 JRE (1.8.0_121-b13), built on Dec 12 2016 18:21:36 by "java_re" with MS VC++ 10.0 (VS2010)

time: Wed Jun 20 18:01:03 2018
elapsed time: 41 seconds (0d 0h 0m 41s)

